~billing[${PID:- }]: 2014-08-28T18:58:35.666+0200;main;-;INFO;io.dropwizard.server.ServerFactory;Starting billing
~billing[${PID:- }]: 2014-08-28T18:58:35.744+0200;main;-;INFO;org.eclipse.jetty.setuid.SetUIDListener;Opened application@6d30b993{HTTP/1.1}{0.0.0.0:8080}
~billing[${PID:- }]: 2014-08-28T18:58:35.744+0200;main;-;INFO;org.eclipse.jetty.setuid.SetUIDListener;Opened admin@19e799e6{HTTP/1.1}{0.0.0.0:8081}
~billing[${PID:- }]: 2014-08-28T18:58:35.747+0200;main;-;INFO;org.eclipse.jetty.server.Server;jetty-9.0.7.v20131107
~billing[${PID:- }]: 2014-08-28T18:58:35.864+0200;main;-;INFO;com.sun.jersey.server.impl.application.WebApplicationImpl;Initiating Jersey application, version 'Jersey: 1.18.1 02/19/2014 03:28 AM'
~billing[${PID:- }]: 2014-08-28T18:58:35.955+0200;main;-;INFO;io.dropwizard.jersey.DropwizardResourceConfig;The following paths were found for the configured resources:

    POST    /orders (de.leanovate.dose.billing.resources.OrderResource)

~billing[${PID:- }]: 2014-08-28T18:58:36.190+0200;main;-;INFO;org.eclipse.jetty.server.handler.ContextHandler;Started i.d.j.MutableServletContextHandler@14bf4145{/,null,AVAILABLE}
~billing[${PID:- }]: 2014-08-28T18:58:36.192+0200;main;-;INFO;io.dropwizard.setup.AdminEnvironment;tasks = 

    POST    /tasks/gc (io.dropwizard.servlets.tasks.GarbageCollectionTask)

~billing[${PID:- }]: 2014-08-28T18:58:36.193+0200;main;-;WARN;io.dropwizard.setup.AdminEnvironment;
!!!!!!!!!!!!!!!!!!!!!!!!!!!!!!!!!!!!!!!!!!!!!!!!!!!!!!!!!!!!!!!!!!!!!!!!!!!!!!!!
!!!!!!!!!!!!!!!!!!!!!!!!!!!!!!!!!!!!!!!!!!!!!!!!!!!!!!!!!!!!!!!!!!!!!!!!!!!!!!!!
!    THIS APPLICATION HAS NO HEALTHCHECKS. THIS MEANS YOU WILL NEVER KNOW      !
!     IF IT DIES IN PRODUCTION, WHICH MEANS YOU WILL NEVER KNOW IF YOU'RE      !
!    LETTING YOUR USERS DOWN. YOU SHOULD ADD A HEALTHCHECK FOR EACH OF YOUR    !
!         APPLICATION'S DEPENDENCIES WHICH FULLY (BUT LIGHTLY) TESTS IT.       !
!!!!!!!!!!!!!!!!!!!!!!!!!!!!!!!!!!!!!!!!!!!!!!!!!!!!!!!!!!!!!!!!!!!!!!!!!!!!!!!!
!!!!!!!!!!!!!!!!!!!!!!!!!!!!!!!!!!!!!!!!!!!!!!!!!!!!!!!!!!!!!!!!!!!!!!!!!!!!!!!!
~billing[${PID:- }]: 2014-08-28T18:58:36.197+0200;main;-;INFO;org.eclipse.jetty.server.handler.ContextHandler;Started i.d.j.MutableServletContextHandler@337688d3{/,null,AVAILABLE}
~billing[${PID:- }]: 2014-08-28T18:58:36.203+0200;main;-;INFO;org.eclipse.jetty.server.ServerConnector;Started application@6d30b993{HTTP/1.1}{0.0.0.0:8080}
~billing[${PID:- }]: 2014-08-28T18:58:36.204+0200;main;-;INFO;org.eclipse.jetty.server.ServerConnector;Started admin@19e799e6{HTTP/1.1}{0.0.0.0:8081}
~billing[${PID:- }]: 2014-08-28T19:04:19.393+0200;main;-;INFO;io.dropwizard.server.ServerFactory;Starting billing
~billing[${PID:- }]: 2014-08-28T19:04:19.465+0200;main;-;INFO;org.eclipse.jetty.setuid.SetUIDListener;Opened application@50fab68{HTTP/1.1}{0.0.0.0:8080}
~billing[${PID:- }]: 2014-08-28T19:04:19.465+0200;main;-;INFO;org.eclipse.jetty.setuid.SetUIDListener;Opened admin@47be3b70{HTTP/1.1}{0.0.0.0:8081}
~billing[${PID:- }]: 2014-08-28T19:04:19.468+0200;main;-;INFO;org.eclipse.jetty.server.Server;jetty-9.0.7.v20131107
~billing[${PID:- }]: 2014-08-28T19:04:19.558+0200;main;-;INFO;com.sun.jersey.server.impl.application.WebApplicationImpl;Initiating Jersey application, version 'Jersey: 1.18.1 02/19/2014 03:28 AM'
~billing[${PID:- }]: 2014-08-28T19:04:19.636+0200;main;-;INFO;io.dropwizard.jersey.DropwizardResourceConfig;The following paths were found for the configured resources:

    POST    /orders (de.leanovate.dose.billing.resources.OrderResource)

~billing[${PID:- }]: 2014-08-28T19:04:19.859+0200;main;-;INFO;org.eclipse.jetty.server.handler.ContextHandler;Started i.d.j.MutableServletContextHandler@1cdbee5b{/,null,AVAILABLE}
~billing[${PID:- }]: 2014-08-28T19:04:19.861+0200;main;-;INFO;io.dropwizard.setup.AdminEnvironment;tasks = 

    POST    /tasks/gc (io.dropwizard.servlets.tasks.GarbageCollectionTask)

~billing[${PID:- }]: 2014-08-28T19:04:19.862+0200;main;-;WARN;io.dropwizard.setup.AdminEnvironment;
!!!!!!!!!!!!!!!!!!!!!!!!!!!!!!!!!!!!!!!!!!!!!!!!!!!!!!!!!!!!!!!!!!!!!!!!!!!!!!!!
!!!!!!!!!!!!!!!!!!!!!!!!!!!!!!!!!!!!!!!!!!!!!!!!!!!!!!!!!!!!!!!!!!!!!!!!!!!!!!!!
!    THIS APPLICATION HAS NO HEALTHCHECKS. THIS MEANS YOU WILL NEVER KNOW      !
!     IF IT DIES IN PRODUCTION, WHICH MEANS YOU WILL NEVER KNOW IF YOU'RE      !
!    LETTING YOUR USERS DOWN. YOU SHOULD ADD A HEALTHCHECK FOR EACH OF YOUR    !
!         APPLICATION'S DEPENDENCIES WHICH FULLY (BUT LIGHTLY) TESTS IT.       !
!!!!!!!!!!!!!!!!!!!!!!!!!!!!!!!!!!!!!!!!!!!!!!!!!!!!!!!!!!!!!!!!!!!!!!!!!!!!!!!!
!!!!!!!!!!!!!!!!!!!!!!!!!!!!!!!!!!!!!!!!!!!!!!!!!!!!!!!!!!!!!!!!!!!!!!!!!!!!!!!!
~billing[${PID:- }]: 2014-08-28T19:04:19.866+0200;main;-;INFO;org.eclipse.jetty.server.handler.ContextHandler;Started i.d.j.MutableServletContextHandler@5e0257b0{/,null,AVAILABLE}
~billing[${PID:- }]: 2014-08-28T19:04:19.871+0200;main;-;INFO;org.eclipse.jetty.server.ServerConnector;Started application@50fab68{HTTP/1.1}{0.0.0.0:8080}
~billing[${PID:- }]: 2014-08-28T19:04:19.872+0200;main;-;INFO;org.eclipse.jetty.server.ServerConnector;Started admin@47be3b70{HTTP/1.1}{0.0.0.0:8081}
~billing[${PID:- }]: 2014-08-28T19:10:00.213+0200;main;-;INFO;io.dropwizard.server.ServerFactory;Starting billing
~billing[${PID:- }]: 2014-08-28T19:10:00.266+0200;main;-;INFO;org.eclipse.jetty.setuid.SetUIDListener;Opened application@4751b935{HTTP/1.1}{0.0.0.0:8080}
~billing[${PID:- }]: 2014-08-28T19:10:00.267+0200;main;-;INFO;org.eclipse.jetty.setuid.SetUIDListener;Opened admin@46566b27{HTTP/1.1}{0.0.0.0:8081}
~billing[${PID:- }]: 2014-08-28T19:10:00.269+0200;main;-;INFO;org.eclipse.jetty.server.Server;jetty-9.0.7.v20131107
~billing[${PID:- }]: 2014-08-28T19:10:00.466+0200;main;-;ERROR;org.apache.tomcat.jdbc.pool.ConnectionPool;Unable to create initial connections of pool.
com.mysql.jdbc.exceptions.jdbc4.CommunicationsException: Communications link failure

The last packet sent successfully to the server was 0 milliseconds ago. The driver has not received any packets from the server.
	at sun.reflect.NativeConstructorAccessorImpl.newInstance0(Native Method) ~[na:1.7.0_51]
	at sun.reflect.NativeConstructorAccessorImpl.newInstance(NativeConstructorAccessorImpl.java:57) ~[na:1.7.0_51]
	at sun.reflect.DelegatingConstructorAccessorImpl.newInstance(DelegatingConstructorAccessorImpl.java:45) ~[na:1.7.0_51]
	at java.lang.reflect.Constructor.newInstance(Constructor.java:526) ~[na:1.7.0_51]
	at com.mysql.jdbc.Util.handleNewInstance(Util.java:408) ~[mysql-connector-java-5.1.32.jar:na]
	at com.mysql.jdbc.SQLError.createCommunicationsException(SQLError.java:1137) ~[mysql-connector-java-5.1.32.jar:na]
	at com.mysql.jdbc.MysqlIO.<init>(MysqlIO.java:355) ~[mysql-connector-java-5.1.32.jar:na]
	at com.mysql.jdbc.ConnectionImpl.coreConnect(ConnectionImpl.java:2490) ~[mysql-connector-java-5.1.32.jar:na]
	at com.mysql.jdbc.ConnectionImpl.connectOneTryOnly(ConnectionImpl.java:2527) ~[mysql-connector-java-5.1.32.jar:na]
	at com.mysql.jdbc.ConnectionImpl.createNewIO(ConnectionImpl.java:2309) ~[mysql-connector-java-5.1.32.jar:na]
	at com.mysql.jdbc.ConnectionImpl.<init>(ConnectionImpl.java:834) ~[mysql-connector-java-5.1.32.jar:na]
	at com.mysql.jdbc.JDBC4Connection.<init>(JDBC4Connection.java:46) ~[mysql-connector-java-5.1.32.jar:na]
	at sun.reflect.NativeConstructorAccessorImpl.newInstance0(Native Method) ~[na:1.7.0_51]
	at sun.reflect.NativeConstructorAccessorImpl.newInstance(NativeConstructorAccessorImpl.java:57) ~[na:1.7.0_51]
	at sun.reflect.DelegatingConstructorAccessorImpl.newInstance(DelegatingConstructorAccessorImpl.java:45) ~[na:1.7.0_51]
	at java.lang.reflect.Constructor.newInstance(Constructor.java:526) ~[na:1.7.0_51]
	at com.mysql.jdbc.Util.handleNewInstance(Util.java:408) ~[mysql-connector-java-5.1.32.jar:na]
	at com.mysql.jdbc.ConnectionImpl.getInstance(ConnectionImpl.java:419) ~[mysql-connector-java-5.1.32.jar:na]
	at com.mysql.jdbc.NonRegisteringDriver.connect(NonRegisteringDriver.java:344) ~[mysql-connector-java-5.1.32.jar:na]
	at org.apache.tomcat.jdbc.pool.PooledConnection.connectUsingDriver(PooledConnection.java:278) ~[tomcat-jdbc-7.0.50.jar:na]
	at org.apache.tomcat.jdbc.pool.PooledConnection.connect(PooledConnection.java:182) ~[tomcat-jdbc-7.0.50.jar:na]
	at org.apache.tomcat.jdbc.pool.ConnectionPool.createConnection(ConnectionPool.java:701) [tomcat-jdbc-7.0.50.jar:na]
	at org.apache.tomcat.jdbc.pool.ConnectionPool.borrowConnection(ConnectionPool.java:635) [tomcat-jdbc-7.0.50.jar:na]
	at org.apache.tomcat.jdbc.pool.ConnectionPool.init(ConnectionPool.java:486) [tomcat-jdbc-7.0.50.jar:na]
	at org.apache.tomcat.jdbc.pool.ConnectionPool.<init>(ConnectionPool.java:144) [tomcat-jdbc-7.0.50.jar:na]
	at org.apache.tomcat.jdbc.pool.DataSourceProxy.pCreatePool(DataSourceProxy.java:116) [tomcat-jdbc-7.0.50.jar:na]
	at org.apache.tomcat.jdbc.pool.DataSourceProxy.createPool(DataSourceProxy.java:103) [tomcat-jdbc-7.0.50.jar:na]
	at io.dropwizard.db.ManagedPooledDataSource.start(ManagedPooledDataSource.java:38) [dropwizard-db-0.7.1.jar:0.7.1]
	at io.dropwizard.lifecycle.JettyManaged.doStart(JettyManaged.java:27) [dropwizard-lifecycle-0.7.1.jar:0.7.1]
	at org.eclipse.jetty.util.component.AbstractLifeCycle.start(AbstractLifeCycle.java:69) [jetty-util-9.0.7.v20131107.jar:9.0.7.v20131107]
	at org.eclipse.jetty.util.component.ContainerLifeCycle.start(ContainerLifeCycle.java:118) [jetty-util-9.0.7.v20131107.jar:9.0.7.v20131107]
	at org.eclipse.jetty.server.Server.start(Server.java:342) [jetty-server-9.0.7.v20131107.jar:9.0.7.v20131107]
	at org.eclipse.jetty.util.component.ContainerLifeCycle.doStart(ContainerLifeCycle.java:100) [jetty-util-9.0.7.v20131107.jar:9.0.7.v20131107]
	at org.eclipse.jetty.server.handler.AbstractHandler.doStart(AbstractHandler.java:60) [jetty-server-9.0.7.v20131107.jar:9.0.7.v20131107]
	at org.eclipse.jetty.server.Server.doStart(Server.java:290) [jetty-server-9.0.7.v20131107.jar:9.0.7.v20131107]
	at org.eclipse.jetty.util.component.AbstractLifeCycle.start(AbstractLifeCycle.java:69) [jetty-util-9.0.7.v20131107.jar:9.0.7.v20131107]
	at io.dropwizard.cli.ServerCommand.run(ServerCommand.java:43) [dropwizard-core-0.7.1.jar:0.7.1]
	at io.dropwizard.cli.EnvironmentCommand.run(EnvironmentCommand.java:43) [dropwizard-core-0.7.1.jar:0.7.1]
	at io.dropwizard.cli.ConfiguredCommand.run(ConfiguredCommand.java:76) [dropwizard-core-0.7.1.jar:0.7.1]
	at io.dropwizard.cli.Cli.run(Cli.java:70) [dropwizard-core-0.7.1.jar:0.7.1]
	at io.dropwizard.Application.run(Application.java:72) [dropwizard-core-0.7.1.jar:0.7.1]
	at de.leanovate.dose.billing.BillingApplication.main(BillingApplication.java:46) [billing/:na]
	at sun.reflect.NativeMethodAccessorImpl.invoke0(Native Method) ~[na:1.7.0_51]
	at sun.reflect.NativeMethodAccessorImpl.invoke(NativeMethodAccessorImpl.java:57) ~[na:1.7.0_51]
	at sun.reflect.DelegatingMethodAccessorImpl.invoke(DelegatingMethodAccessorImpl.java:43) ~[na:1.7.0_51]
	at java.lang.reflect.Method.invoke(Method.java:606) ~[na:1.7.0_51]
	at com.intellij.rt.execution.application.AppMain.main(AppMain.java:134) [idea_rt.jar:na]
Caused by: java.net.ConnectException: Connection refused
	at java.net.PlainSocketImpl.socketConnect(Native Method) ~[na:1.7.0_51]
	at java.net.AbstractPlainSocketImpl.doConnect(AbstractPlainSocketImpl.java:339) ~[na:1.7.0_51]
	at java.net.AbstractPlainSocketImpl.connectToAddress(AbstractPlainSocketImpl.java:200) ~[na:1.7.0_51]
	at java.net.AbstractPlainSocketImpl.connect(AbstractPlainSocketImpl.java:182) ~[na:1.7.0_51]
	at java.net.SocksSocketImpl.connect(SocksSocketImpl.java:392) ~[na:1.7.0_51]
	at java.net.Socket.connect(Socket.java:579) ~[na:1.7.0_51]
	at java.net.Socket.connect(Socket.java:528) ~[na:1.7.0_51]
	at java.net.Socket.<init>(Socket.java:425) ~[na:1.7.0_51]
	at java.net.Socket.<init>(Socket.java:241) ~[na:1.7.0_51]
	at com.mysql.jdbc.StandardSocketFactory.connect(StandardSocketFactory.java:258) ~[mysql-connector-java-5.1.32.jar:na]
	at com.mysql.jdbc.MysqlIO.<init>(MysqlIO.java:305) ~[mysql-connector-java-5.1.32.jar:na]
	... 40 common frames omitted
~billing[${PID:- }]: 2014-08-28T19:10:00.470+0200;main;-;WARN;org.eclipse.jetty.util.component.AbstractLifeCycle;FAILED io.dropwizard.db.ManagedPooledDataSource@77f31cb6{ConnectionPool[defaultAutoCommit=null; defaultReadOnly=null; defaultTransactionIsolation=-1; defaultCatalog=null; driverClassName=com.mysql.jdbc.Driver; maxActive=100; maxIdle=100; minIdle=10; initialSize=10; maxWait=30000; testOnBorrow=false; testOnReturn=false; timeBetweenEvictionRunsMillis=5000; numTestsPerEvictionRun=0; minEvictableIdleTimeMillis=60000; testWhileIdle=true; testOnConnect=true; password=********; url=jdbc:mysql://localhost/billing; username=billing; validationQuery=/* Health Check */ SELECT 1; validationQueryTimeout=-1; validatorClassName=null; validationInterval=30000; accessToUnderlyingConnectionAllowed=true; removeAbandoned=false; removeAbandonedTimeout=60; logAbandoned=false; connectionProperties=null; initSQL=null; jdbcInterceptors=null; jmxEnabled=true; fairQueue=true; useEquals=true; abandonWhenPercentageFull=0; maxAge=0; useLock=false; dataSource=null; dataSourceJNDI=null; suspectTimeout=0; alternateUsernameAllowed=false; commitOnReturn=false; rollbackOnReturn=false; useDisposableConnectionFacade=true; logValidationErrors=false; propagateInterruptState=false; ignoreExceptionOnPreLoad=false; }: com.mysql.jdbc.exceptions.jdbc4.CommunicationsException: Communications link failure

The last packet sent successfully to the server was 0 milliseconds ago. The driver has not received any packets from the server.
com.mysql.jdbc.exceptions.jdbc4.CommunicationsException: Communications link failure

The last packet sent successfully to the server was 0 milliseconds ago. The driver has not received any packets from the server.
	at sun.reflect.NativeConstructorAccessorImpl.newInstance0(Native Method) ~[na:1.7.0_51]
	at sun.reflect.NativeConstructorAccessorImpl.newInstance(NativeConstructorAccessorImpl.java:57) ~[na:1.7.0_51]
	at sun.reflect.DelegatingConstructorAccessorImpl.newInstance(DelegatingConstructorAccessorImpl.java:45) ~[na:1.7.0_51]
	at java.lang.reflect.Constructor.newInstance(Constructor.java:526) ~[na:1.7.0_51]
	at com.mysql.jdbc.Util.handleNewInstance(Util.java:408) ~[mysql-connector-java-5.1.32.jar:na]
	at com.mysql.jdbc.SQLError.createCommunicationsException(SQLError.java:1137) ~[mysql-connector-java-5.1.32.jar:na]
	at com.mysql.jdbc.MysqlIO.<init>(MysqlIO.java:355) ~[mysql-connector-java-5.1.32.jar:na]
	at com.mysql.jdbc.ConnectionImpl.coreConnect(ConnectionImpl.java:2490) ~[mysql-connector-java-5.1.32.jar:na]
	at com.mysql.jdbc.ConnectionImpl.connectOneTryOnly(ConnectionImpl.java:2527) ~[mysql-connector-java-5.1.32.jar:na]
	at com.mysql.jdbc.ConnectionImpl.createNewIO(ConnectionImpl.java:2309) ~[mysql-connector-java-5.1.32.jar:na]
	at com.mysql.jdbc.ConnectionImpl.<init>(ConnectionImpl.java:834) ~[mysql-connector-java-5.1.32.jar:na]
	at com.mysql.jdbc.JDBC4Connection.<init>(JDBC4Connection.java:46) ~[mysql-connector-java-5.1.32.jar:na]
	at sun.reflect.NativeConstructorAccessorImpl.newInstance0(Native Method) ~[na:1.7.0_51]
	at sun.reflect.NativeConstructorAccessorImpl.newInstance(NativeConstructorAccessorImpl.java:57) ~[na:1.7.0_51]
	at sun.reflect.DelegatingConstructorAccessorImpl.newInstance(DelegatingConstructorAccessorImpl.java:45) ~[na:1.7.0_51]
	at java.lang.reflect.Constructor.newInstance(Constructor.java:526) ~[na:1.7.0_51]
	at com.mysql.jdbc.Util.handleNewInstance(Util.java:408) ~[mysql-connector-java-5.1.32.jar:na]
	at com.mysql.jdbc.ConnectionImpl.getInstance(ConnectionImpl.java:419) ~[mysql-connector-java-5.1.32.jar:na]
	at com.mysql.jdbc.NonRegisteringDriver.connect(NonRegisteringDriver.java:344) ~[mysql-connector-java-5.1.32.jar:na]
	at org.apache.tomcat.jdbc.pool.PooledConnection.connectUsingDriver(PooledConnection.java:278) ~[tomcat-jdbc-7.0.50.jar:na]
	at org.apache.tomcat.jdbc.pool.PooledConnection.connect(PooledConnection.java:182) ~[tomcat-jdbc-7.0.50.jar:na]
	at org.apache.tomcat.jdbc.pool.ConnectionPool.createConnection(ConnectionPool.java:701) ~[tomcat-jdbc-7.0.50.jar:na]
	at org.apache.tomcat.jdbc.pool.ConnectionPool.borrowConnection(ConnectionPool.java:635) ~[tomcat-jdbc-7.0.50.jar:na]
	at org.apache.tomcat.jdbc.pool.ConnectionPool.init(ConnectionPool.java:486) ~[tomcat-jdbc-7.0.50.jar:na]
	at org.apache.tomcat.jdbc.pool.ConnectionPool.<init>(ConnectionPool.java:144) ~[tomcat-jdbc-7.0.50.jar:na]
	at org.apache.tomcat.jdbc.pool.DataSourceProxy.pCreatePool(DataSourceProxy.java:116) ~[tomcat-jdbc-7.0.50.jar:na]
	at org.apache.tomcat.jdbc.pool.DataSourceProxy.createPool(DataSourceProxy.java:103) ~[tomcat-jdbc-7.0.50.jar:na]
	at io.dropwizard.db.ManagedPooledDataSource.start(ManagedPooledDataSource.java:38) ~[dropwizard-db-0.7.1.jar:0.7.1]
	at io.dropwizard.lifecycle.JettyManaged.doStart(JettyManaged.java:27) ~[dropwizard-lifecycle-0.7.1.jar:0.7.1]
	at org.eclipse.jetty.util.component.AbstractLifeCycle.start(AbstractLifeCycle.java:69) [jetty-util-9.0.7.v20131107.jar:9.0.7.v20131107]
	at org.eclipse.jetty.util.component.ContainerLifeCycle.start(ContainerLifeCycle.java:118) [jetty-util-9.0.7.v20131107.jar:9.0.7.v20131107]
	at org.eclipse.jetty.server.Server.start(Server.java:342) [jetty-server-9.0.7.v20131107.jar:9.0.7.v20131107]
	at org.eclipse.jetty.util.component.ContainerLifeCycle.doStart(ContainerLifeCycle.java:100) [jetty-util-9.0.7.v20131107.jar:9.0.7.v20131107]
	at org.eclipse.jetty.server.handler.AbstractHandler.doStart(AbstractHandler.java:60) [jetty-server-9.0.7.v20131107.jar:9.0.7.v20131107]
	at org.eclipse.jetty.server.Server.doStart(Server.java:290) [jetty-server-9.0.7.v20131107.jar:9.0.7.v20131107]
	at org.eclipse.jetty.util.component.AbstractLifeCycle.start(AbstractLifeCycle.java:69) [jetty-util-9.0.7.v20131107.jar:9.0.7.v20131107]
	at io.dropwizard.cli.ServerCommand.run(ServerCommand.java:43) [dropwizard-core-0.7.1.jar:0.7.1]
	at io.dropwizard.cli.EnvironmentCommand.run(EnvironmentCommand.java:43) [dropwizard-core-0.7.1.jar:0.7.1]
	at io.dropwizard.cli.ConfiguredCommand.run(ConfiguredCommand.java:76) [dropwizard-core-0.7.1.jar:0.7.1]
	at io.dropwizard.cli.Cli.run(Cli.java:70) [dropwizard-core-0.7.1.jar:0.7.1]
	at io.dropwizard.Application.run(Application.java:72) [dropwizard-core-0.7.1.jar:0.7.1]
	at de.leanovate.dose.billing.BillingApplication.main(BillingApplication.java:46) [billing/:na]
	at sun.reflect.NativeMethodAccessorImpl.invoke0(Native Method) ~[na:1.7.0_51]
	at sun.reflect.NativeMethodAccessorImpl.invoke(NativeMethodAccessorImpl.java:57) ~[na:1.7.0_51]
	at sun.reflect.DelegatingMethodAccessorImpl.invoke(DelegatingMethodAccessorImpl.java:43) ~[na:1.7.0_51]
	at java.lang.reflect.Method.invoke(Method.java:606) ~[na:1.7.0_51]
	at com.intellij.rt.execution.application.AppMain.main(AppMain.java:134) [idea_rt.jar:na]
Caused by: java.net.ConnectException: Connection refused
	at java.net.PlainSocketImpl.socketConnect(Native Method) ~[na:1.7.0_51]
	at java.net.AbstractPlainSocketImpl.doConnect(AbstractPlainSocketImpl.java:339) ~[na:1.7.0_51]
	at java.net.AbstractPlainSocketImpl.connectToAddress(AbstractPlainSocketImpl.java:200) ~[na:1.7.0_51]
	at java.net.AbstractPlainSocketImpl.connect(AbstractPlainSocketImpl.java:182) ~[na:1.7.0_51]
	at java.net.SocksSocketImpl.connect(SocksSocketImpl.java:392) ~[na:1.7.0_51]
	at java.net.Socket.connect(Socket.java:579) ~[na:1.7.0_51]
	at java.net.Socket.connect(Socket.java:528) ~[na:1.7.0_51]
	at java.net.Socket.<init>(Socket.java:425) ~[na:1.7.0_51]
	at java.net.Socket.<init>(Socket.java:241) ~[na:1.7.0_51]
	at com.mysql.jdbc.StandardSocketFactory.connect(StandardSocketFactory.java:258) ~[mysql-connector-java-5.1.32.jar:na]
	at com.mysql.jdbc.MysqlIO.<init>(MysqlIO.java:305) ~[mysql-connector-java-5.1.32.jar:na]
	... 40 common frames omitted
~billing[${PID:- }]: 2014-08-28T19:10:00.471+0200;main;-;WARN;org.eclipse.jetty.util.component.AbstractLifeCycle;FAILED org.eclipse.jetty.server.Server@15c673a9: com.mysql.jdbc.exceptions.jdbc4.CommunicationsException: Communications link failure

The last packet sent successfully to the server was 0 milliseconds ago. The driver has not received any packets from the server.
com.mysql.jdbc.exceptions.jdbc4.CommunicationsException: Communications link failure

The last packet sent successfully to the server was 0 milliseconds ago. The driver has not received any packets from the server.
	at sun.reflect.NativeConstructorAccessorImpl.newInstance0(Native Method) ~[na:1.7.0_51]
	at sun.reflect.NativeConstructorAccessorImpl.newInstance(NativeConstructorAccessorImpl.java:57) ~[na:1.7.0_51]
	at sun.reflect.DelegatingConstructorAccessorImpl.newInstance(DelegatingConstructorAccessorImpl.java:45) ~[na:1.7.0_51]
	at java.lang.reflect.Constructor.newInstance(Constructor.java:526) ~[na:1.7.0_51]
	at com.mysql.jdbc.Util.handleNewInstance(Util.java:408) ~[mysql-connector-java-5.1.32.jar:na]
	at com.mysql.jdbc.SQLError.createCommunicationsException(SQLError.java:1137) ~[mysql-connector-java-5.1.32.jar:na]
	at com.mysql.jdbc.MysqlIO.<init>(MysqlIO.java:355) ~[mysql-connector-java-5.1.32.jar:na]
	at com.mysql.jdbc.ConnectionImpl.coreConnect(ConnectionImpl.java:2490) ~[mysql-connector-java-5.1.32.jar:na]
	at com.mysql.jdbc.ConnectionImpl.connectOneTryOnly(ConnectionImpl.java:2527) ~[mysql-connector-java-5.1.32.jar:na]
	at com.mysql.jdbc.ConnectionImpl.createNewIO(ConnectionImpl.java:2309) ~[mysql-connector-java-5.1.32.jar:na]
	at com.mysql.jdbc.ConnectionImpl.<init>(ConnectionImpl.java:834) ~[mysql-connector-java-5.1.32.jar:na]
	at com.mysql.jdbc.JDBC4Connection.<init>(JDBC4Connection.java:46) ~[mysql-connector-java-5.1.32.jar:na]
	at sun.reflect.NativeConstructorAccessorImpl.newInstance0(Native Method) ~[na:1.7.0_51]
	at sun.reflect.NativeConstructorAccessorImpl.newInstance(NativeConstructorAccessorImpl.java:57) ~[na:1.7.0_51]
	at sun.reflect.DelegatingConstructorAccessorImpl.newInstance(DelegatingConstructorAccessorImpl.java:45) ~[na:1.7.0_51]
	at java.lang.reflect.Constructor.newInstance(Constructor.java:526) ~[na:1.7.0_51]
	at com.mysql.jdbc.Util.handleNewInstance(Util.java:408) ~[mysql-connector-java-5.1.32.jar:na]
	at com.mysql.jdbc.ConnectionImpl.getInstance(ConnectionImpl.java:419) ~[mysql-connector-java-5.1.32.jar:na]
	at com.mysql.jdbc.NonRegisteringDriver.connect(NonRegisteringDriver.java:344) ~[mysql-connector-java-5.1.32.jar:na]
	at org.apache.tomcat.jdbc.pool.PooledConnection.connectUsingDriver(PooledConnection.java:278) ~[tomcat-jdbc-7.0.50.jar:na]
	at org.apache.tomcat.jdbc.pool.PooledConnection.connect(PooledConnection.java:182) ~[tomcat-jdbc-7.0.50.jar:na]
	at org.apache.tomcat.jdbc.pool.ConnectionPool.createConnection(ConnectionPool.java:701) ~[tomcat-jdbc-7.0.50.jar:na]
	at org.apache.tomcat.jdbc.pool.ConnectionPool.borrowConnection(ConnectionPool.java:635) ~[tomcat-jdbc-7.0.50.jar:na]
	at org.apache.tomcat.jdbc.pool.ConnectionPool.init(ConnectionPool.java:486) ~[tomcat-jdbc-7.0.50.jar:na]
	at org.apache.tomcat.jdbc.pool.ConnectionPool.<init>(ConnectionPool.java:144) ~[tomcat-jdbc-7.0.50.jar:na]
	at org.apache.tomcat.jdbc.pool.DataSourceProxy.pCreatePool(DataSourceProxy.java:116) ~[tomcat-jdbc-7.0.50.jar:na]
	at org.apache.tomcat.jdbc.pool.DataSourceProxy.createPool(DataSourceProxy.java:103) ~[tomcat-jdbc-7.0.50.jar:na]
	at io.dropwizard.db.ManagedPooledDataSource.start(ManagedPooledDataSource.java:38) ~[dropwizard-db-0.7.1.jar:0.7.1]
	at io.dropwizard.lifecycle.JettyManaged.doStart(JettyManaged.java:27) ~[dropwizard-lifecycle-0.7.1.jar:0.7.1]
	at org.eclipse.jetty.util.component.AbstractLifeCycle.start(AbstractLifeCycle.java:69) ~[jetty-util-9.0.7.v20131107.jar:9.0.7.v20131107]
	at org.eclipse.jetty.util.component.ContainerLifeCycle.start(ContainerLifeCycle.java:118) ~[jetty-util-9.0.7.v20131107.jar:9.0.7.v20131107]
	at org.eclipse.jetty.server.Server.start(Server.java:342) ~[jetty-server-9.0.7.v20131107.jar:9.0.7.v20131107]
	at org.eclipse.jetty.util.component.ContainerLifeCycle.doStart(ContainerLifeCycle.java:100) ~[jetty-util-9.0.7.v20131107.jar:9.0.7.v20131107]
	at org.eclipse.jetty.server.handler.AbstractHandler.doStart(AbstractHandler.java:60) ~[jetty-server-9.0.7.v20131107.jar:9.0.7.v20131107]
	at org.eclipse.jetty.server.Server.doStart(Server.java:290) ~[jetty-server-9.0.7.v20131107.jar:9.0.7.v20131107]
	at org.eclipse.jetty.util.component.AbstractLifeCycle.start(AbstractLifeCycle.java:69) ~[jetty-util-9.0.7.v20131107.jar:9.0.7.v20131107]
	at io.dropwizard.cli.ServerCommand.run(ServerCommand.java:43) [dropwizard-core-0.7.1.jar:0.7.1]
	at io.dropwizard.cli.EnvironmentCommand.run(EnvironmentCommand.java:43) [dropwizard-core-0.7.1.jar:0.7.1]
	at io.dropwizard.cli.ConfiguredCommand.run(ConfiguredCommand.java:76) [dropwizard-core-0.7.1.jar:0.7.1]
	at io.dropwizard.cli.Cli.run(Cli.java:70) [dropwizard-core-0.7.1.jar:0.7.1]
	at io.dropwizard.Application.run(Application.java:72) [dropwizard-core-0.7.1.jar:0.7.1]
	at de.leanovate.dose.billing.BillingApplication.main(BillingApplication.java:46) [billing/:na]
	at sun.reflect.NativeMethodAccessorImpl.invoke0(Native Method) ~[na:1.7.0_51]
	at sun.reflect.NativeMethodAccessorImpl.invoke(NativeMethodAccessorImpl.java:57) ~[na:1.7.0_51]
	at sun.reflect.DelegatingMethodAccessorImpl.invoke(DelegatingMethodAccessorImpl.java:43) ~[na:1.7.0_51]
	at java.lang.reflect.Method.invoke(Method.java:606) ~[na:1.7.0_51]
	at com.intellij.rt.execution.application.AppMain.main(AppMain.java:134) [idea_rt.jar:na]
Caused by: java.net.ConnectException: Connection refused
	at java.net.PlainSocketImpl.socketConnect(Native Method) ~[na:1.7.0_51]
	at java.net.AbstractPlainSocketImpl.doConnect(AbstractPlainSocketImpl.java:339) ~[na:1.7.0_51]
	at java.net.AbstractPlainSocketImpl.connectToAddress(AbstractPlainSocketImpl.java:200) ~[na:1.7.0_51]
	at java.net.AbstractPlainSocketImpl.connect(AbstractPlainSocketImpl.java:182) ~[na:1.7.0_51]
	at java.net.SocksSocketImpl.connect(SocksSocketImpl.java:392) ~[na:1.7.0_51]
	at java.net.Socket.connect(Socket.java:579) ~[na:1.7.0_51]
	at java.net.Socket.connect(Socket.java:528) ~[na:1.7.0_51]
	at java.net.Socket.<init>(Socket.java:425) ~[na:1.7.0_51]
	at java.net.Socket.<init>(Socket.java:241) ~[na:1.7.0_51]
	at com.mysql.jdbc.StandardSocketFactory.connect(StandardSocketFactory.java:258) ~[mysql-connector-java-5.1.32.jar:na]
	at com.mysql.jdbc.MysqlIO.<init>(MysqlIO.java:305) ~[mysql-connector-java-5.1.32.jar:na]
	... 40 common frames omitted
~billing[${PID:- }]: 2014-08-28T19:10:00.471+0200;main;-;ERROR;io.dropwizard.cli.ServerCommand;Unable to start server, shutting down
com.mysql.jdbc.exceptions.jdbc4.CommunicationsException: Communications link failure

The last packet sent successfully to the server was 0 milliseconds ago. The driver has not received any packets from the server.
	at sun.reflect.NativeConstructorAccessorImpl.newInstance0(Native Method) ~[na:1.7.0_51]
	at sun.reflect.NativeConstructorAccessorImpl.newInstance(NativeConstructorAccessorImpl.java:57) ~[na:1.7.0_51]
	at sun.reflect.DelegatingConstructorAccessorImpl.newInstance(DelegatingConstructorAccessorImpl.java:45) ~[na:1.7.0_51]
	at java.lang.reflect.Constructor.newInstance(Constructor.java:526) ~[na:1.7.0_51]
	at com.mysql.jdbc.Util.handleNewInstance(Util.java:408) ~[mysql-connector-java-5.1.32.jar:na]
	at com.mysql.jdbc.SQLError.createCommunicationsException(SQLError.java:1137) ~[mysql-connector-java-5.1.32.jar:na]
	at com.mysql.jdbc.MysqlIO.<init>(MysqlIO.java:355) ~[mysql-connector-java-5.1.32.jar:na]
	at com.mysql.jdbc.ConnectionImpl.coreConnect(ConnectionImpl.java:2490) ~[mysql-connector-java-5.1.32.jar:na]
	at com.mysql.jdbc.ConnectionImpl.connectOneTryOnly(ConnectionImpl.java:2527) ~[mysql-connector-java-5.1.32.jar:na]
	at com.mysql.jdbc.ConnectionImpl.createNewIO(ConnectionImpl.java:2309) ~[mysql-connector-java-5.1.32.jar:na]
	at com.mysql.jdbc.ConnectionImpl.<init>(ConnectionImpl.java:834) ~[mysql-connector-java-5.1.32.jar:na]
	at com.mysql.jdbc.JDBC4Connection.<init>(JDBC4Connection.java:46) ~[mysql-connector-java-5.1.32.jar:na]
	at sun.reflect.NativeConstructorAccessorImpl.newInstance0(Native Method) ~[na:1.7.0_51]
	at sun.reflect.NativeConstructorAccessorImpl.newInstance(NativeConstructorAccessorImpl.java:57) ~[na:1.7.0_51]
	at sun.reflect.DelegatingConstructorAccessorImpl.newInstance(DelegatingConstructorAccessorImpl.java:45) ~[na:1.7.0_51]
	at java.lang.reflect.Constructor.newInstance(Constructor.java:526) ~[na:1.7.0_51]
	at com.mysql.jdbc.Util.handleNewInstance(Util.java:408) ~[mysql-connector-java-5.1.32.jar:na]
	at com.mysql.jdbc.ConnectionImpl.getInstance(ConnectionImpl.java:419) ~[mysql-connector-java-5.1.32.jar:na]
	at com.mysql.jdbc.NonRegisteringDriver.connect(NonRegisteringDriver.java:344) ~[mysql-connector-java-5.1.32.jar:na]
	at org.apache.tomcat.jdbc.pool.PooledConnection.connectUsingDriver(PooledConnection.java:278) ~[tomcat-jdbc-7.0.50.jar:na]
	at org.apache.tomcat.jdbc.pool.PooledConnection.connect(PooledConnection.java:182) ~[tomcat-jdbc-7.0.50.jar:na]
	at org.apache.tomcat.jdbc.pool.ConnectionPool.createConnection(ConnectionPool.java:701) ~[tomcat-jdbc-7.0.50.jar:na]
	at org.apache.tomcat.jdbc.pool.ConnectionPool.borrowConnection(ConnectionPool.java:635) ~[tomcat-jdbc-7.0.50.jar:na]
	at org.apache.tomcat.jdbc.pool.ConnectionPool.init(ConnectionPool.java:486) ~[tomcat-jdbc-7.0.50.jar:na]
	at org.apache.tomcat.jdbc.pool.ConnectionPool.<init>(ConnectionPool.java:144) ~[tomcat-jdbc-7.0.50.jar:na]
	at org.apache.tomcat.jdbc.pool.DataSourceProxy.pCreatePool(DataSourceProxy.java:116) ~[tomcat-jdbc-7.0.50.jar:na]
	at org.apache.tomcat.jdbc.pool.DataSourceProxy.createPool(DataSourceProxy.java:103) ~[tomcat-jdbc-7.0.50.jar:na]
	at io.dropwizard.db.ManagedPooledDataSource.start(ManagedPooledDataSource.java:38) ~[dropwizard-db-0.7.1.jar:0.7.1]
	at io.dropwizard.lifecycle.JettyManaged.doStart(JettyManaged.java:27) ~[dropwizard-lifecycle-0.7.1.jar:0.7.1]
	at org.eclipse.jetty.util.component.AbstractLifeCycle.start(AbstractLifeCycle.java:69) ~[jetty-util-9.0.7.v20131107.jar:9.0.7.v20131107]
	at org.eclipse.jetty.util.component.ContainerLifeCycle.start(ContainerLifeCycle.java:118) ~[jetty-util-9.0.7.v20131107.jar:9.0.7.v20131107]
	at org.eclipse.jetty.server.Server.start(Server.java:342) ~[jetty-server-9.0.7.v20131107.jar:9.0.7.v20131107]
	at org.eclipse.jetty.util.component.ContainerLifeCycle.doStart(ContainerLifeCycle.java:100) ~[jetty-util-9.0.7.v20131107.jar:9.0.7.v20131107]
	at org.eclipse.jetty.server.handler.AbstractHandler.doStart(AbstractHandler.java:60) ~[jetty-server-9.0.7.v20131107.jar:9.0.7.v20131107]
	at org.eclipse.jetty.server.Server.doStart(Server.java:290) ~[jetty-server-9.0.7.v20131107.jar:9.0.7.v20131107]
	at org.eclipse.jetty.util.component.AbstractLifeCycle.start(AbstractLifeCycle.java:69) ~[jetty-util-9.0.7.v20131107.jar:9.0.7.v20131107]
	at io.dropwizard.cli.ServerCommand.run(ServerCommand.java:43) ~[dropwizard-core-0.7.1.jar:0.7.1]
	at io.dropwizard.cli.EnvironmentCommand.run(EnvironmentCommand.java:43) [dropwizard-core-0.7.1.jar:0.7.1]
	at io.dropwizard.cli.ConfiguredCommand.run(ConfiguredCommand.java:76) [dropwizard-core-0.7.1.jar:0.7.1]
	at io.dropwizard.cli.Cli.run(Cli.java:70) [dropwizard-core-0.7.1.jar:0.7.1]
	at io.dropwizard.Application.run(Application.java:72) [dropwizard-core-0.7.1.jar:0.7.1]
	at de.leanovate.dose.billing.BillingApplication.main(BillingApplication.java:46) [billing/:na]
	at sun.reflect.NativeMethodAccessorImpl.invoke0(Native Method) ~[na:1.7.0_51]
	at sun.reflect.NativeMethodAccessorImpl.invoke(NativeMethodAccessorImpl.java:57) ~[na:1.7.0_51]
	at sun.reflect.DelegatingMethodAccessorImpl.invoke(DelegatingMethodAccessorImpl.java:43) ~[na:1.7.0_51]
	at java.lang.reflect.Method.invoke(Method.java:606) ~[na:1.7.0_51]
	at com.intellij.rt.execution.application.AppMain.main(AppMain.java:134) [idea_rt.jar:na]
Caused by: java.net.ConnectException: Connection refused
	at java.net.PlainSocketImpl.socketConnect(Native Method) ~[na:1.7.0_51]
	at java.net.AbstractPlainSocketImpl.doConnect(AbstractPlainSocketImpl.java:339) ~[na:1.7.0_51]
	at java.net.AbstractPlainSocketImpl.connectToAddress(AbstractPlainSocketImpl.java:200) ~[na:1.7.0_51]
	at java.net.AbstractPlainSocketImpl.connect(AbstractPlainSocketImpl.java:182) ~[na:1.7.0_51]
	at java.net.SocksSocketImpl.connect(SocksSocketImpl.java:392) ~[na:1.7.0_51]
	at java.net.Socket.connect(Socket.java:579) ~[na:1.7.0_51]
	at java.net.Socket.connect(Socket.java:528) ~[na:1.7.0_51]
	at java.net.Socket.<init>(Socket.java:425) ~[na:1.7.0_51]
	at java.net.Socket.<init>(Socket.java:241) ~[na:1.7.0_51]
	at com.mysql.jdbc.StandardSocketFactory.connect(StandardSocketFactory.java:258) ~[mysql-connector-java-5.1.32.jar:na]
	at com.mysql.jdbc.MysqlIO.<init>(MysqlIO.java:305) ~[mysql-connector-java-5.1.32.jar:na]
	... 40 common frames omitted
~billing[${PID:- }]: 2014-08-28T19:42:54.437+0200;main;-;INFO;io.dropwizard.server.ServerFactory;Starting billing
~billing[${PID:- }]: 2014-08-28T19:42:54.514+0200;main;-;INFO;org.eclipse.jetty.setuid.SetUIDListener;Opened application@1d45c6f5{HTTP/1.1}{0.0.0.0:8080}
~billing[${PID:- }]: 2014-08-28T19:42:54.515+0200;main;-;INFO;org.eclipse.jetty.setuid.SetUIDListener;Opened admin@50090dd6{HTTP/1.1}{0.0.0.0:8081}
~billing[${PID:- }]: 2014-08-28T19:42:54.517+0200;main;-;INFO;org.eclipse.jetty.server.Server;jetty-9.0.7.v20131107
~billing[${PID:- }]: 2014-08-28T19:42:54.953+0200;main;-;INFO;com.sun.jersey.server.impl.application.WebApplicationImpl;Initiating Jersey application, version 'Jersey: 1.18.1 02/19/2014 03:28 AM'
~billing[${PID:- }]: 2014-08-28T19:42:55.030+0200;main;-;INFO;io.dropwizard.jersey.DropwizardResourceConfig;The following paths were found for the configured resources:

    POST    /orders (de.leanovate.dose.billing.resources.OrderResource)

~billing[${PID:- }]: 2014-08-28T19:42:55.262+0200;main;-;INFO;org.eclipse.jetty.server.handler.ContextHandler;Started i.d.j.MutableServletContextHandler@6bfbc0ba{/,null,AVAILABLE}
~billing[${PID:- }]: 2014-08-28T19:42:55.265+0200;main;-;INFO;io.dropwizard.setup.AdminEnvironment;tasks = 

    POST    /tasks/gc (io.dropwizard.servlets.tasks.GarbageCollectionTask)

~billing[${PID:- }]: 2014-08-28T19:42:55.269+0200;main;-;INFO;org.eclipse.jetty.server.handler.ContextHandler;Started i.d.j.MutableServletContextHandler@7bd06a97{/,null,AVAILABLE}
~billing[${PID:- }]: 2014-08-28T19:42:55.275+0200;main;-;INFO;org.eclipse.jetty.server.ServerConnector;Started application@1d45c6f5{HTTP/1.1}{0.0.0.0:8080}
~billing[${PID:- }]: 2014-08-28T19:42:55.276+0200;main;-;INFO;org.eclipse.jetty.server.ServerConnector;Started admin@50090dd6{HTTP/1.1}{0.0.0.0:8081}
~billing[${PID:- }]: 2014-08-28T19:59:36.607+0200;main;-;INFO;io.dropwizard.server.ServerFactory;Starting billing
~billing[${PID:- }]: 2014-08-28T19:59:36.667+0200;main;-;INFO;org.eclipse.jetty.setuid.SetUIDListener;Opened application@4751b935{HTTP/1.1}{0.0.0.0:8080}
~billing[${PID:- }]: 2014-08-28T19:59:36.667+0200;main;-;INFO;org.eclipse.jetty.setuid.SetUIDListener;Opened admin@46566b27{HTTP/1.1}{0.0.0.0:8081}
~billing[${PID:- }]: 2014-08-28T19:59:36.669+0200;main;-;INFO;org.eclipse.jetty.server.Server;jetty-9.0.7.v20131107
~billing[${PID:- }]: 2014-08-28T19:59:37.085+0200;main;-;INFO;com.sun.jersey.server.impl.application.WebApplicationImpl;Initiating Jersey application, version 'Jersey: 1.18.1 02/19/2014 03:28 AM'
~billing[${PID:- }]: 2014-08-28T19:59:37.152+0200;main;-;INFO;io.dropwizard.jersey.DropwizardResourceConfig;The following paths were found for the configured resources:

    POST    /orders (de.leanovate.dose.billing.resources.OrderResource)

~billing[${PID:- }]: 2014-08-28T19:59:37.367+0200;main;-;INFO;org.eclipse.jetty.server.handler.ContextHandler;Started i.d.j.MutableServletContextHandler@7490d128{/,null,AVAILABLE}
~billing[${PID:- }]: 2014-08-28T19:59:37.370+0200;main;-;INFO;io.dropwizard.setup.AdminEnvironment;tasks = 

    POST    /tasks/gc (io.dropwizard.servlets.tasks.GarbageCollectionTask)

~billing[${PID:- }]: 2014-08-28T19:59:37.374+0200;main;-;INFO;org.eclipse.jetty.server.handler.ContextHandler;Started i.d.j.MutableServletContextHandler@16663a54{/,null,AVAILABLE}
~billing[${PID:- }]: 2014-08-28T19:59:37.379+0200;main;-;INFO;org.eclipse.jetty.server.ServerConnector;Started application@4751b935{HTTP/1.1}{0.0.0.0:8080}
~billing[${PID:- }]: 2014-08-28T19:59:37.380+0200;main;-;INFO;org.eclipse.jetty.server.ServerConnector;Started admin@46566b27{HTTP/1.1}{0.0.0.0:8081}
~billing[${PID:- }]: 2014-08-28T20:01:00.133+0200;main;-;INFO;io.dropwizard.server.ServerFactory;Starting billing
~billing[${PID:- }]: 2014-08-28T20:01:00.196+0200;main;-;INFO;org.eclipse.jetty.setuid.SetUIDListener;Opened application@577c3bfa{HTTP/1.1}{0.0.0.0:8080}
~billing[${PID:- }]: 2014-08-28T20:01:00.196+0200;main;-;INFO;org.eclipse.jetty.setuid.SetUIDListener;Opened admin@1d45c6f5{HTTP/1.1}{0.0.0.0:8081}
~billing[${PID:- }]: 2014-08-28T20:01:00.198+0200;main;-;INFO;org.eclipse.jetty.server.Server;jetty-9.0.7.v20131107
~billing[${PID:- }]: 2014-08-28T20:01:00.580+0200;main;-;INFO;com.sun.jersey.server.impl.application.WebApplicationImpl;Initiating Jersey application, version 'Jersey: 1.18.1 02/19/2014 03:28 AM'
~billing[${PID:- }]: 2014-08-28T20:01:00.642+0200;main;-;INFO;io.dropwizard.jersey.DropwizardResourceConfig;The following paths were found for the configured resources:

    POST    /orders (de.leanovate.dose.billing.resources.OrderResource)

~billing[${PID:- }]: 2014-08-28T20:01:00.855+0200;main;-;INFO;org.eclipse.jetty.server.handler.ContextHandler;Started i.d.j.MutableServletContextHandler@294020de{/,null,AVAILABLE}
~billing[${PID:- }]: 2014-08-28T20:01:00.858+0200;main;-;INFO;io.dropwizard.setup.AdminEnvironment;tasks = 

    POST    /tasks/gc (io.dropwizard.servlets.tasks.GarbageCollectionTask)

~billing[${PID:- }]: 2014-08-28T20:01:00.863+0200;main;-;INFO;org.eclipse.jetty.server.handler.ContextHandler;Started i.d.j.MutableServletContextHandler@13a9a4f9{/,null,AVAILABLE}
~billing[${PID:- }]: 2014-08-28T20:01:00.868+0200;main;-;INFO;org.eclipse.jetty.server.ServerConnector;Started application@577c3bfa{HTTP/1.1}{0.0.0.0:8080}
~billing[${PID:- }]: 2014-08-28T20:01:00.869+0200;main;-;INFO;org.eclipse.jetty.server.ServerConnector;Started admin@1d45c6f5{HTTP/1.1}{0.0.0.0:8081}
~billing[${PID:- }]: 2014-08-28T20:31:06.310+0200;main;-;INFO;io.dropwizard.server.ServerFactory;Starting billing
~billing[${PID:- }]: 2014-08-28T20:31:06.390+0200;main;-;INFO;org.eclipse.jetty.setuid.SetUIDListener;Opened application@684b33f6{HTTP/1.1}{0.0.0.0:8080}
~billing[${PID:- }]: 2014-08-28T20:31:06.391+0200;main;-;INFO;org.eclipse.jetty.setuid.SetUIDListener;Opened admin@214090f8{HTTP/1.1}{0.0.0.0:8081}
~billing[${PID:- }]: 2014-08-28T20:31:06.394+0200;main;-;INFO;org.eclipse.jetty.server.Server;jetty-9.0.7.v20131107
~billing[${PID:- }]: 2014-08-28T20:31:06.827+0200;main;-;INFO;com.sun.jersey.server.impl.application.WebApplicationImpl;Initiating Jersey application, version 'Jersey: 1.18.1 02/19/2014 03:28 AM'
~billing[${PID:- }]: 2014-08-28T20:31:06.905+0200;main;-;INFO;io.dropwizard.jersey.DropwizardResourceConfig;The following paths were found for the configured resources:

    POST    /orders (de.leanovate.dose.billing.resources.OrderResource)

~billing[${PID:- }]: 2014-08-28T20:31:07.132+0200;main;-;INFO;org.eclipse.jetty.server.handler.ContextHandler;Started i.d.j.MutableServletContextHandler@7129162d{/,null,AVAILABLE}
~billing[${PID:- }]: 2014-08-28T20:31:07.135+0200;main;-;INFO;io.dropwizard.setup.AdminEnvironment;tasks = 

    POST    /tasks/gc (io.dropwizard.servlets.tasks.GarbageCollectionTask)

~billing[${PID:- }]: 2014-08-28T20:31:07.139+0200;main;-;INFO;org.eclipse.jetty.server.handler.ContextHandler;Started i.d.j.MutableServletContextHandler@6ca3b95{/,null,AVAILABLE}
~billing[${PID:- }]: 2014-08-28T20:31:07.145+0200;main;-;INFO;org.eclipse.jetty.server.ServerConnector;Started application@684b33f6{HTTP/1.1}{0.0.0.0:8080}
~billing[${PID:- }]: 2014-08-28T20:31:07.146+0200;main;-;INFO;org.eclipse.jetty.server.ServerConnector;Started admin@214090f8{HTTP/1.1}{0.0.0.0:8081}
~billing[${PID:- }]: 2014-08-28T20:31:16.086+0200;dw-33 - POST /orders;-;ERROR;de.leanovate.dose.billing.resources.OrderResource;Exception
com.fasterxml.jackson.databind.exc.UnrecognizedPropertyException: Unrecognized field "customerId" (class de.leanovate.dose.billing.model.Customer), not marked as ignorable (5 known properties: "lastName", "id", "firstName", "password", "email"])
 at [Source: org.apache.http.conn.EofSensorInputStream@27b6467f; line: 5, column: 19] (through reference chain: de.leanovate.dose.billing.model.Customer["customerId"])
	at com.fasterxml.jackson.databind.exc.UnrecognizedPropertyException.from(UnrecognizedPropertyException.java:51) ~[jackson-databind-2.3.3.jar:2.3.3]
	at com.fasterxml.jackson.databind.DeserializationContext.reportUnknownProperty(DeserializationContext.java:671) ~[jackson-databind-2.3.3.jar:2.3.3]
	at com.fasterxml.jackson.databind.deser.std.StdDeserializer.handleUnknownProperty(StdDeserializer.java:773) ~[jackson-databind-2.3.3.jar:2.3.3]
	at com.fasterxml.jackson.databind.deser.BeanDeserializerBase.handleUnknownProperty(BeanDeserializerBase.java:1297) ~[jackson-databind-2.3.3.jar:2.3.3]
	at com.fasterxml.jackson.databind.deser.BeanDeserializerBase.handleUnknownVanilla(BeanDeserializerBase.java:1275) ~[jackson-databind-2.3.3.jar:2.3.3]
	at com.fasterxml.jackson.databind.deser.BeanDeserializer.deserialize(BeanDeserializer.java:215) ~[jackson-databind-2.3.3.jar:2.3.3]
	at com.fasterxml.jackson.module.afterburner.deser.SuperSonicBeanDeserializer.deserializeFromObject(SuperSonicBeanDeserializer.java:204) ~[jackson-module-afterburner-2.3.3.jar:2.3.3]
	at com.fasterxml.jackson.module.afterburner.deser.SuperSonicBeanDeserializer.deserialize(SuperSonicBeanDeserializer.java:118) ~[jackson-module-afterburner-2.3.3.jar:2.3.3]
	at com.fasterxml.jackson.databind.ObjectMapper._readMapAndClose(ObjectMapper.java:2993) ~[jackson-databind-2.3.3.jar:2.3.3]
	at com.fasterxml.jackson.databind.ObjectMapper.readValue(ObjectMapper.java:2144) ~[jackson-databind-2.3.3.jar:2.3.3]
	at de.leanovate.dose.billing.connector.CustomerConnector.getCustomer(CustomerConnector.java:29) ~[billing/:na]
	at de.leanovate.dose.billing.resources.OrderResource.prepareOrder(OrderResource.java:39) ~[billing/:na]
	at sun.reflect.NativeMethodAccessorImpl.invoke0(Native Method) ~[na:1.7.0_51]
	at sun.reflect.NativeMethodAccessorImpl.invoke(NativeMethodAccessorImpl.java:57) ~[na:1.7.0_51]
	at sun.reflect.DelegatingMethodAccessorImpl.invoke(DelegatingMethodAccessorImpl.java:43) ~[na:1.7.0_51]
	at java.lang.reflect.Method.invoke(Method.java:606) ~[na:1.7.0_51]
	at com.sun.jersey.spi.container.JavaMethodInvokerFactory$1.invoke(JavaMethodInvokerFactory.java:60) [jersey-server-1.18.1.jar:1.18.1]
	at com.sun.jersey.server.impl.model.method.dispatch.AbstractResourceMethodDispatchProvider$ResponseOutInvoker._dispatch(AbstractResourceMethodDispatchProvider.java:205) [jersey-server-1.18.1.jar:1.18.1]
	at com.sun.jersey.server.impl.model.method.dispatch.ResourceJavaMethodDispatcher.dispatch(ResourceJavaMethodDispatcher.java:75) [jersey-server-1.18.1.jar:1.18.1]
	at io.dropwizard.jersey.guava.OptionalResourceMethodDispatchAdapter$OptionalRequestDispatcher.dispatch(OptionalResourceMethodDispatchAdapter.java:37) [dropwizard-jersey-0.7.1.jar:0.7.1]
	at com.sun.jersey.server.impl.uri.rules.HttpMethodRule.accept(HttpMethodRule.java:302) [jersey-server-1.18.1.jar:1.18.1]
	at com.sun.jersey.server.impl.uri.rules.ResourceObjectRule.accept(ResourceObjectRule.java:100) [jersey-server-1.18.1.jar:1.18.1]
	at com.sun.jersey.server.impl.uri.rules.RightHandPathRule.accept(RightHandPathRule.java:147) [jersey-server-1.18.1.jar:1.18.1]
	at com.sun.jersey.server.impl.uri.rules.RootResourceClassesRule.accept(RootResourceClassesRule.java:84) [jersey-server-1.18.1.jar:1.18.1]
	at com.sun.jersey.server.impl.application.WebApplicationImpl._handleRequest(WebApplicationImpl.java:1542) [jersey-server-1.18.1.jar:1.18.1]
	at com.sun.jersey.server.impl.application.WebApplicationImpl._handleRequest(WebApplicationImpl.java:1473) [jersey-server-1.18.1.jar:1.18.1]
	at com.sun.jersey.server.impl.application.WebApplicationImpl.handleRequest(WebApplicationImpl.java:1419) [jersey-server-1.18.1.jar:1.18.1]
	at com.sun.jersey.server.impl.application.WebApplicationImpl.handleRequest(WebApplicationImpl.java:1409) [jersey-server-1.18.1.jar:1.18.1]
	at com.sun.jersey.spi.container.servlet.WebComponent.service(WebComponent.java:409) [jersey-servlet-1.18.1.jar:1.18.1]
	at com.sun.jersey.spi.container.servlet.ServletContainer.service(ServletContainer.java:540) [jersey-servlet-1.18.1.jar:1.18.1]
	at com.sun.jersey.spi.container.servlet.ServletContainer.service(ServletContainer.java:715) [jersey-servlet-1.18.1.jar:1.18.1]
	at javax.servlet.http.HttpServlet.service(HttpServlet.java:848) [javax.servlet-3.0.0.v201112011016.jar:na]
	at io.dropwizard.jetty.NonblockingServletHolder.handle(NonblockingServletHolder.java:49) [dropwizard-jetty-0.7.1.jar:0.7.1]
	at org.eclipse.jetty.servlet.ServletHandler$CachedChain.doFilter(ServletHandler.java:1515) [jetty-servlet-9.0.7.v20131107.jar:9.0.7.v20131107]
	at org.eclipse.jetty.servlets.UserAgentFilter.doFilter(UserAgentFilter.java:83) [jetty-servlets-9.0.7.v20131107.jar:9.0.7.v20131107]
	at org.eclipse.jetty.servlets.GzipFilter.doFilter(GzipFilter.java:295) [jetty-servlets-9.0.7.v20131107.jar:9.0.7.v20131107]
	at io.dropwizard.jetty.BiDiGzipFilter.doFilter(BiDiGzipFilter.java:127) [dropwizard-jetty-0.7.1.jar:0.7.1]
	at org.eclipse.jetty.servlet.ServletHandler$CachedChain.doFilter(ServletHandler.java:1486) [jetty-servlet-9.0.7.v20131107.jar:9.0.7.v20131107]
	at io.dropwizard.servlets.ThreadNameFilter.doFilter(ThreadNameFilter.java:29) [dropwizard-servlets-0.7.1.jar:0.7.1]
	at org.eclipse.jetty.servlet.ServletHandler$CachedChain.doFilter(ServletHandler.java:1486) [jetty-servlet-9.0.7.v20131107.jar:9.0.7.v20131107]
	at io.dropwizard.jersey.filter.AllowedMethodsFilter.handle(AllowedMethodsFilter.java:44) [dropwizard-jersey-0.7.1.jar:0.7.1]
	at io.dropwizard.jersey.filter.AllowedMethodsFilter.doFilter(AllowedMethodsFilter.java:39) [dropwizard-jersey-0.7.1.jar:0.7.1]
	at org.eclipse.jetty.servlet.ServletHandler$CachedChain.doFilter(ServletHandler.java:1486) [jetty-servlet-9.0.7.v20131107.jar:9.0.7.v20131107]
	at de.leanovate.dose.billing.logging.LoggingFilter.doFilter(LoggingFilter.java:39) [billing/:na]
	at org.eclipse.jetty.servlet.ServletHandler$CachedChain.doFilter(ServletHandler.java:1486) [jetty-servlet-9.0.7.v20131107.jar:9.0.7.v20131107]
	at org.eclipse.jetty.servlet.ServletHandler.doHandle(ServletHandler.java:519) [jetty-servlet-9.0.7.v20131107.jar:9.0.7.v20131107]
	at org.eclipse.jetty.server.handler.ContextHandler.doHandle(ContextHandler.java:1097) [jetty-server-9.0.7.v20131107.jar:9.0.7.v20131107]
	at org.eclipse.jetty.servlet.ServletHandler.doScope(ServletHandler.java:448) [jetty-servlet-9.0.7.v20131107.jar:9.0.7.v20131107]
	at org.eclipse.jetty.server.handler.ContextHandler.doScope(ContextHandler.java:1031) [jetty-server-9.0.7.v20131107.jar:9.0.7.v20131107]
	at org.eclipse.jetty.server.handler.ScopedHandler.handle(ScopedHandler.java:136) [jetty-server-9.0.7.v20131107.jar:9.0.7.v20131107]
	at org.eclipse.jetty.server.handler.HandlerWrapper.handle(HandlerWrapper.java:97) [jetty-server-9.0.7.v20131107.jar:9.0.7.v20131107]
	at com.codahale.metrics.jetty9.InstrumentedHandler.handle(InstrumentedHandler.java:175) [metrics-jetty9-3.0.2.jar:3.0.2]
	at io.dropwizard.jetty.RoutingHandler.handle(RoutingHandler.java:51) [dropwizard-jetty-0.7.1.jar:0.7.1]
	at org.eclipse.jetty.server.handler.HandlerWrapper.handle(HandlerWrapper.java:97) [jetty-server-9.0.7.v20131107.jar:9.0.7.v20131107]
	at org.eclipse.jetty.server.handler.RequestLogHandler.handle(RequestLogHandler.java:92) [jetty-server-9.0.7.v20131107.jar:9.0.7.v20131107]
	at org.eclipse.jetty.server.handler.HandlerWrapper.handle(HandlerWrapper.java:97) [jetty-server-9.0.7.v20131107.jar:9.0.7.v20131107]
	at org.eclipse.jetty.server.handler.StatisticsHandler.handle(StatisticsHandler.java:162) [jetty-server-9.0.7.v20131107.jar:9.0.7.v20131107]
	at org.eclipse.jetty.server.handler.HandlerWrapper.handle(HandlerWrapper.java:97) [jetty-server-9.0.7.v20131107.jar:9.0.7.v20131107]
	at org.eclipse.jetty.server.Server.handle(Server.java:446) [jetty-server-9.0.7.v20131107.jar:9.0.7.v20131107]
	at org.eclipse.jetty.server.HttpChannel.handle(HttpChannel.java:271) [jetty-server-9.0.7.v20131107.jar:9.0.7.v20131107]
	at org.eclipse.jetty.server.HttpConnection.onFillable(HttpConnection.java:246) [jetty-server-9.0.7.v20131107.jar:9.0.7.v20131107]
	at org.eclipse.jetty.io.AbstractConnection$ReadCallback.run(AbstractConnection.java:358) [jetty-io-9.0.7.v20131107.jar:9.0.7.v20131107]
	at org.eclipse.jetty.util.thread.QueuedThreadPool.runJob(QueuedThreadPool.java:601) [jetty-util-9.0.7.v20131107.jar:9.0.7.v20131107]
	at org.eclipse.jetty.util.thread.QueuedThreadPool$3.run(QueuedThreadPool.java:532) [jetty-util-9.0.7.v20131107.jar:9.0.7.v20131107]
	at java.lang.Thread.run(Thread.java:744) [na:1.7.0_51]
~billing[${PID:- }]: 2014-08-28T20:32:47.450+0200;main;-;INFO;io.dropwizard.server.ServerFactory;Starting billing
~billing[${PID:- }]: 2014-08-28T20:32:47.502+0200;main;-;INFO;org.eclipse.jetty.setuid.SetUIDListener;Opened application@1a9a098e{HTTP/1.1}{0.0.0.0:8080}
~billing[${PID:- }]: 2014-08-28T20:32:47.502+0200;main;-;INFO;org.eclipse.jetty.setuid.SetUIDListener;Opened admin@76e95746{HTTP/1.1}{0.0.0.0:8081}
~billing[${PID:- }]: 2014-08-28T20:32:47.504+0200;main;-;INFO;org.eclipse.jetty.server.Server;jetty-9.0.7.v20131107
~billing[${PID:- }]: 2014-08-28T20:32:47.848+0200;main;-;INFO;com.sun.jersey.server.impl.application.WebApplicationImpl;Initiating Jersey application, version 'Jersey: 1.18.1 02/19/2014 03:28 AM'
~billing[${PID:- }]: 2014-08-28T20:32:47.911+0200;main;-;INFO;io.dropwizard.jersey.DropwizardResourceConfig;The following paths were found for the configured resources:

    POST    /orders (de.leanovate.dose.billing.resources.OrderResource)

~billing[${PID:- }]: 2014-08-28T20:32:48.111+0200;main;-;INFO;org.eclipse.jetty.server.handler.ContextHandler;Started i.d.j.MutableServletContextHandler@3f3499ef{/,null,AVAILABLE}
~billing[${PID:- }]: 2014-08-28T20:32:48.114+0200;main;-;INFO;io.dropwizard.setup.AdminEnvironment;tasks = 

    POST    /tasks/gc (io.dropwizard.servlets.tasks.GarbageCollectionTask)

~billing[${PID:- }]: 2014-08-28T20:32:48.118+0200;main;-;INFO;org.eclipse.jetty.server.handler.ContextHandler;Started i.d.j.MutableServletContextHandler@55547df3{/,null,AVAILABLE}
~billing[${PID:- }]: 2014-08-28T20:32:48.122+0200;main;-;INFO;org.eclipse.jetty.server.ServerConnector;Started application@1a9a098e{HTTP/1.1}{0.0.0.0:8080}
~billing[${PID:- }]: 2014-08-28T20:32:48.122+0200;main;-;INFO;org.eclipse.jetty.server.ServerConnector;Started admin@76e95746{HTTP/1.1}{0.0.0.0:8081}
~billing[${PID:- }]: 2014-08-28T20:32:51.584+0200;dw-33 - POST /orders;-;ERROR;de.leanovate.dose.billing.resources.OrderResource;Exception
com.fasterxml.jackson.databind.exc.UnrecognizedPropertyException: Unrecognized field "_links" (class de.leanovate.dose.billing.model.Customer), not marked as ignorable (5 known properties: "lastName", "customerId", "password", "firstName", "email"])
 at [Source: org.apache.http.conn.EofSensorInputStream@2b52d1fd; line: 6, column: 15] (through reference chain: de.leanovate.dose.billing.model.Customer["_links"])
	at com.fasterxml.jackson.databind.exc.UnrecognizedPropertyException.from(UnrecognizedPropertyException.java:51) ~[jackson-databind-2.3.3.jar:2.3.3]
	at com.fasterxml.jackson.databind.DeserializationContext.reportUnknownProperty(DeserializationContext.java:671) ~[jackson-databind-2.3.3.jar:2.3.3]
	at com.fasterxml.jackson.databind.deser.std.StdDeserializer.handleUnknownProperty(StdDeserializer.java:773) ~[jackson-databind-2.3.3.jar:2.3.3]
	at com.fasterxml.jackson.databind.deser.BeanDeserializerBase.handleUnknownProperty(BeanDeserializerBase.java:1297) ~[jackson-databind-2.3.3.jar:2.3.3]
	at com.fasterxml.jackson.databind.deser.BeanDeserializerBase.handleUnknownVanilla(BeanDeserializerBase.java:1275) ~[jackson-databind-2.3.3.jar:2.3.3]
	at com.fasterxml.jackson.databind.deser.BeanDeserializer.deserialize(BeanDeserializer.java:215) ~[jackson-databind-2.3.3.jar:2.3.3]
	at com.fasterxml.jackson.module.afterburner.deser.SuperSonicBeanDeserializer.deserializeFromObject(SuperSonicBeanDeserializer.java:204) ~[jackson-module-afterburner-2.3.3.jar:2.3.3]
	at com.fasterxml.jackson.module.afterburner.deser.SuperSonicBeanDeserializer.deserialize(SuperSonicBeanDeserializer.java:118) ~[jackson-module-afterburner-2.3.3.jar:2.3.3]
	at com.fasterxml.jackson.databind.ObjectMapper._readMapAndClose(ObjectMapper.java:2993) ~[jackson-databind-2.3.3.jar:2.3.3]
	at com.fasterxml.jackson.databind.ObjectMapper.readValue(ObjectMapper.java:2144) ~[jackson-databind-2.3.3.jar:2.3.3]
	at de.leanovate.dose.billing.connector.CustomerConnector.getCustomer(CustomerConnector.java:29) ~[billing/:na]
	at de.leanovate.dose.billing.resources.OrderResource.prepareOrder(OrderResource.java:39) ~[billing/:na]
	at sun.reflect.NativeMethodAccessorImpl.invoke0(Native Method) ~[na:1.7.0_51]
	at sun.reflect.NativeMethodAccessorImpl.invoke(NativeMethodAccessorImpl.java:57) ~[na:1.7.0_51]
	at sun.reflect.DelegatingMethodAccessorImpl.invoke(DelegatingMethodAccessorImpl.java:43) ~[na:1.7.0_51]
	at java.lang.reflect.Method.invoke(Method.java:606) ~[na:1.7.0_51]
	at com.sun.jersey.spi.container.JavaMethodInvokerFactory$1.invoke(JavaMethodInvokerFactory.java:60) [jersey-server-1.18.1.jar:1.18.1]
	at com.sun.jersey.server.impl.model.method.dispatch.AbstractResourceMethodDispatchProvider$ResponseOutInvoker._dispatch(AbstractResourceMethodDispatchProvider.java:205) [jersey-server-1.18.1.jar:1.18.1]
	at com.sun.jersey.server.impl.model.method.dispatch.ResourceJavaMethodDispatcher.dispatch(ResourceJavaMethodDispatcher.java:75) [jersey-server-1.18.1.jar:1.18.1]
	at io.dropwizard.jersey.guava.OptionalResourceMethodDispatchAdapter$OptionalRequestDispatcher.dispatch(OptionalResourceMethodDispatchAdapter.java:37) [dropwizard-jersey-0.7.1.jar:0.7.1]
	at com.sun.jersey.server.impl.uri.rules.HttpMethodRule.accept(HttpMethodRule.java:302) [jersey-server-1.18.1.jar:1.18.1]
	at com.sun.jersey.server.impl.uri.rules.ResourceObjectRule.accept(ResourceObjectRule.java:100) [jersey-server-1.18.1.jar:1.18.1]
	at com.sun.jersey.server.impl.uri.rules.RightHandPathRule.accept(RightHandPathRule.java:147) [jersey-server-1.18.1.jar:1.18.1]
	at com.sun.jersey.server.impl.uri.rules.RootResourceClassesRule.accept(RootResourceClassesRule.java:84) [jersey-server-1.18.1.jar:1.18.1]
	at com.sun.jersey.server.impl.application.WebApplicationImpl._handleRequest(WebApplicationImpl.java:1542) [jersey-server-1.18.1.jar:1.18.1]
	at com.sun.jersey.server.impl.application.WebApplicationImpl._handleRequest(WebApplicationImpl.java:1473) [jersey-server-1.18.1.jar:1.18.1]
	at com.sun.jersey.server.impl.application.WebApplicationImpl.handleRequest(WebApplicationImpl.java:1419) [jersey-server-1.18.1.jar:1.18.1]
	at com.sun.jersey.server.impl.application.WebApplicationImpl.handleRequest(WebApplicationImpl.java:1409) [jersey-server-1.18.1.jar:1.18.1]
	at com.sun.jersey.spi.container.servlet.WebComponent.service(WebComponent.java:409) [jersey-servlet-1.18.1.jar:1.18.1]
	at com.sun.jersey.spi.container.servlet.ServletContainer.service(ServletContainer.java:540) [jersey-servlet-1.18.1.jar:1.18.1]
	at com.sun.jersey.spi.container.servlet.ServletContainer.service(ServletContainer.java:715) [jersey-servlet-1.18.1.jar:1.18.1]
	at javax.servlet.http.HttpServlet.service(HttpServlet.java:848) [javax.servlet-3.0.0.v201112011016.jar:na]
	at io.dropwizard.jetty.NonblockingServletHolder.handle(NonblockingServletHolder.java:49) [dropwizard-jetty-0.7.1.jar:0.7.1]
	at org.eclipse.jetty.servlet.ServletHandler$CachedChain.doFilter(ServletHandler.java:1515) [jetty-servlet-9.0.7.v20131107.jar:9.0.7.v20131107]
	at org.eclipse.jetty.servlets.UserAgentFilter.doFilter(UserAgentFilter.java:83) [jetty-servlets-9.0.7.v20131107.jar:9.0.7.v20131107]
	at org.eclipse.jetty.servlets.GzipFilter.doFilter(GzipFilter.java:295) [jetty-servlets-9.0.7.v20131107.jar:9.0.7.v20131107]
	at io.dropwizard.jetty.BiDiGzipFilter.doFilter(BiDiGzipFilter.java:127) [dropwizard-jetty-0.7.1.jar:0.7.1]
	at org.eclipse.jetty.servlet.ServletHandler$CachedChain.doFilter(ServletHandler.java:1486) [jetty-servlet-9.0.7.v20131107.jar:9.0.7.v20131107]
	at io.dropwizard.servlets.ThreadNameFilter.doFilter(ThreadNameFilter.java:29) [dropwizard-servlets-0.7.1.jar:0.7.1]
	at org.eclipse.jetty.servlet.ServletHandler$CachedChain.doFilter(ServletHandler.java:1486) [jetty-servlet-9.0.7.v20131107.jar:9.0.7.v20131107]
	at io.dropwizard.jersey.filter.AllowedMethodsFilter.handle(AllowedMethodsFilter.java:44) [dropwizard-jersey-0.7.1.jar:0.7.1]
	at io.dropwizard.jersey.filter.AllowedMethodsFilter.doFilter(AllowedMethodsFilter.java:39) [dropwizard-jersey-0.7.1.jar:0.7.1]
	at org.eclipse.jetty.servlet.ServletHandler$CachedChain.doFilter(ServletHandler.java:1486) [jetty-servlet-9.0.7.v20131107.jar:9.0.7.v20131107]
	at de.leanovate.dose.billing.logging.LoggingFilter.doFilter(LoggingFilter.java:39) [billing/:na]
	at org.eclipse.jetty.servlet.ServletHandler$CachedChain.doFilter(ServletHandler.java:1486) [jetty-servlet-9.0.7.v20131107.jar:9.0.7.v20131107]
	at org.eclipse.jetty.servlet.ServletHandler.doHandle(ServletHandler.java:519) [jetty-servlet-9.0.7.v20131107.jar:9.0.7.v20131107]
	at org.eclipse.jetty.server.handler.ContextHandler.doHandle(ContextHandler.java:1097) [jetty-server-9.0.7.v20131107.jar:9.0.7.v20131107]
	at org.eclipse.jetty.servlet.ServletHandler.doScope(ServletHandler.java:448) [jetty-servlet-9.0.7.v20131107.jar:9.0.7.v20131107]
	at org.eclipse.jetty.server.handler.ContextHandler.doScope(ContextHandler.java:1031) [jetty-server-9.0.7.v20131107.jar:9.0.7.v20131107]
	at org.eclipse.jetty.server.handler.ScopedHandler.handle(ScopedHandler.java:136) [jetty-server-9.0.7.v20131107.jar:9.0.7.v20131107]
	at org.eclipse.jetty.server.handler.HandlerWrapper.handle(HandlerWrapper.java:97) [jetty-server-9.0.7.v20131107.jar:9.0.7.v20131107]
	at com.codahale.metrics.jetty9.InstrumentedHandler.handle(InstrumentedHandler.java:175) [metrics-jetty9-3.0.2.jar:3.0.2]
	at io.dropwizard.jetty.RoutingHandler.handle(RoutingHandler.java:51) [dropwizard-jetty-0.7.1.jar:0.7.1]
	at org.eclipse.jetty.server.handler.HandlerWrapper.handle(HandlerWrapper.java:97) [jetty-server-9.0.7.v20131107.jar:9.0.7.v20131107]
	at org.eclipse.jetty.server.handler.RequestLogHandler.handle(RequestLogHandler.java:92) [jetty-server-9.0.7.v20131107.jar:9.0.7.v20131107]
	at org.eclipse.jetty.server.handler.HandlerWrapper.handle(HandlerWrapper.java:97) [jetty-server-9.0.7.v20131107.jar:9.0.7.v20131107]
	at org.eclipse.jetty.server.handler.StatisticsHandler.handle(StatisticsHandler.java:162) [jetty-server-9.0.7.v20131107.jar:9.0.7.v20131107]
	at org.eclipse.jetty.server.handler.HandlerWrapper.handle(HandlerWrapper.java:97) [jetty-server-9.0.7.v20131107.jar:9.0.7.v20131107]
	at org.eclipse.jetty.server.Server.handle(Server.java:446) [jetty-server-9.0.7.v20131107.jar:9.0.7.v20131107]
	at org.eclipse.jetty.server.HttpChannel.handle(HttpChannel.java:271) [jetty-server-9.0.7.v20131107.jar:9.0.7.v20131107]
	at org.eclipse.jetty.server.HttpConnection.onFillable(HttpConnection.java:246) [jetty-server-9.0.7.v20131107.jar:9.0.7.v20131107]
	at org.eclipse.jetty.io.AbstractConnection$ReadCallback.run(AbstractConnection.java:358) [jetty-io-9.0.7.v20131107.jar:9.0.7.v20131107]
	at org.eclipse.jetty.util.thread.QueuedThreadPool.runJob(QueuedThreadPool.java:601) [jetty-util-9.0.7.v20131107.jar:9.0.7.v20131107]
	at org.eclipse.jetty.util.thread.QueuedThreadPool$3.run(QueuedThreadPool.java:532) [jetty-util-9.0.7.v20131107.jar:9.0.7.v20131107]
	at java.lang.Thread.run(Thread.java:744) [na:1.7.0_51]
~billing[${PID:- }]: 2014-08-28T20:34:34.282+0200;main;-;INFO;io.dropwizard.server.ServerFactory;Starting billing
~billing[${PID:- }]: 2014-08-28T20:34:34.333+0200;main;-;INFO;org.eclipse.jetty.setuid.SetUIDListener;Opened application@339934ae{HTTP/1.1}{0.0.0.0:8080}
~billing[${PID:- }]: 2014-08-28T20:34:34.333+0200;main;-;INFO;org.eclipse.jetty.setuid.SetUIDListener;Opened admin@f51a5f9{HTTP/1.1}{0.0.0.0:8081}
~billing[${PID:- }]: 2014-08-28T20:34:34.336+0200;main;-;INFO;org.eclipse.jetty.server.Server;jetty-9.0.7.v20131107
~billing[${PID:- }]: 2014-08-28T20:34:34.676+0200;main;-;INFO;com.sun.jersey.server.impl.application.WebApplicationImpl;Initiating Jersey application, version 'Jersey: 1.18.1 02/19/2014 03:28 AM'
~billing[${PID:- }]: 2014-08-28T20:34:34.736+0200;main;-;INFO;io.dropwizard.jersey.DropwizardResourceConfig;The following paths were found for the configured resources:

    POST    /orders (de.leanovate.dose.billing.resources.OrderResource)

~billing[${PID:- }]: 2014-08-28T20:34:34.932+0200;main;-;INFO;org.eclipse.jetty.server.handler.ContextHandler;Started i.d.j.MutableServletContextHandler@1fb10a9f{/,null,AVAILABLE}
~billing[${PID:- }]: 2014-08-28T20:34:34.935+0200;main;-;INFO;io.dropwizard.setup.AdminEnvironment;tasks = 

    POST    /tasks/gc (io.dropwizard.servlets.tasks.GarbageCollectionTask)

~billing[${PID:- }]: 2014-08-28T20:34:34.939+0200;main;-;INFO;org.eclipse.jetty.server.handler.ContextHandler;Started i.d.j.MutableServletContextHandler@3824904c{/,null,AVAILABLE}
~billing[${PID:- }]: 2014-08-28T20:34:34.943+0200;main;-;INFO;org.eclipse.jetty.server.ServerConnector;Started application@339934ae{HTTP/1.1}{0.0.0.0:8080}
~billing[${PID:- }]: 2014-08-28T20:34:34.943+0200;main;-;INFO;org.eclipse.jetty.server.ServerConnector;Started admin@f51a5f9{HTTP/1.1}{0.0.0.0:8081}
~billing[${PID:- }]: 2014-08-28T20:44:11.490+0200;main;-;INFO;io.dropwizard.server.ServerFactory;Starting billing
~billing[${PID:- }]: 2014-08-28T20:44:11.563+0200;main;-;INFO;org.eclipse.jetty.setuid.SetUIDListener;Opened application@3967864a{HTTP/1.1}{0.0.0.0:8080}
~billing[${PID:- }]: 2014-08-28T20:44:11.563+0200;main;-;INFO;org.eclipse.jetty.setuid.SetUIDListener;Opened admin@3ba181b7{HTTP/1.1}{0.0.0.0:8081}
~billing[${PID:- }]: 2014-08-28T20:44:11.566+0200;main;-;INFO;org.eclipse.jetty.server.Server;jetty-9.0.7.v20131107
~billing[${PID:- }]: 2014-08-28T20:44:11.976+0200;main;-;INFO;com.sun.jersey.server.impl.application.WebApplicationImpl;Initiating Jersey application, version 'Jersey: 1.18.1 02/19/2014 03:28 AM'
~billing[${PID:- }]: 2014-08-28T20:44:12.053+0200;main;-;INFO;io.dropwizard.jersey.DropwizardResourceConfig;The following paths were found for the configured resources:

    POST    /orders (de.leanovate.dose.billing.resources.OrderResource)

~billing[${PID:- }]: 2014-08-28T20:44:12.283+0200;main;-;INFO;org.eclipse.jetty.server.handler.ContextHandler;Started i.d.j.MutableServletContextHandler@6cd0d5b5{/,null,AVAILABLE}
~billing[${PID:- }]: 2014-08-28T20:44:12.286+0200;main;-;INFO;io.dropwizard.setup.AdminEnvironment;tasks = 

    POST    /tasks/gc (io.dropwizard.servlets.tasks.GarbageCollectionTask)

~billing[${PID:- }]: 2014-08-28T20:44:12.290+0200;main;-;INFO;org.eclipse.jetty.server.handler.ContextHandler;Started i.d.j.MutableServletContextHandler@3e4369d{/,null,AVAILABLE}
~billing[${PID:- }]: 2014-08-28T20:44:12.295+0200;main;-;INFO;org.eclipse.jetty.server.ServerConnector;Started application@3967864a{HTTP/1.1}{0.0.0.0:8080}
~billing[${PID:- }]: 2014-08-28T20:44:12.296+0200;main;-;INFO;org.eclipse.jetty.server.ServerConnector;Started admin@3ba181b7{HTTP/1.1}{0.0.0.0:8081}
~billing[${PID:- }]: 2014-08-28T20:54:54.135+0200;main;-;INFO;io.dropwizard.server.ServerFactory;Starting billing
~billing[${PID:- }]: 2014-08-28T20:54:54.186+0200;main;-;INFO;org.eclipse.jetty.setuid.SetUIDListener;Opened application@32d527f{HTTP/1.1}{0.0.0.0:8080}
~billing[${PID:- }]: 2014-08-28T20:54:54.186+0200;main;-;INFO;org.eclipse.jetty.setuid.SetUIDListener;Opened admin@1483117a{HTTP/1.1}{0.0.0.0:8081}
~billing[${PID:- }]: 2014-08-28T20:54:54.188+0200;main;-;INFO;org.eclipse.jetty.server.Server;jetty-9.0.7.v20131107
~billing[${PID:- }]: 2014-08-28T20:54:54.528+0200;main;-;INFO;com.sun.jersey.server.impl.application.WebApplicationImpl;Initiating Jersey application, version 'Jersey: 1.18.1 02/19/2014 03:28 AM'
~billing[${PID:- }]: 2014-08-28T20:54:54.585+0200;main;-;INFO;io.dropwizard.jersey.DropwizardResourceConfig;The following paths were found for the configured resources:

    POST    /orders (de.leanovate.dose.billing.resources.OrderResource)

~billing[${PID:- }]: 2014-08-28T20:54:54.781+0200;main;-;INFO;org.eclipse.jetty.server.handler.ContextHandler;Started i.d.j.MutableServletContextHandler@2068a976{/,null,AVAILABLE}
~billing[${PID:- }]: 2014-08-28T20:54:54.784+0200;main;-;INFO;io.dropwizard.setup.AdminEnvironment;tasks = 

    POST    /tasks/gc (io.dropwizard.servlets.tasks.GarbageCollectionTask)

~billing[${PID:- }]: 2014-08-28T20:54:54.788+0200;main;-;INFO;org.eclipse.jetty.server.handler.ContextHandler;Started i.d.j.MutableServletContextHandler@8e9b976{/,null,AVAILABLE}
~billing[${PID:- }]: 2014-08-28T20:54:54.792+0200;main;-;INFO;org.eclipse.jetty.server.ServerConnector;Started application@32d527f{HTTP/1.1}{0.0.0.0:8080}
~billing[${PID:- }]: 2014-08-28T20:54:54.792+0200;main;-;INFO;org.eclipse.jetty.server.ServerConnector;Started admin@1483117a{HTTP/1.1}{0.0.0.0:8081}
~billing[${PID:- }]: 2014-08-28T20:54:58.125+0200;dw-34 - POST /orders;-;ERROR;de.leanovate.dose.billing.resources.OrderResource;Exception
com.fasterxml.jackson.databind.exc.UnrecognizedPropertyException: Unrecognized field "priceInCent" (class de.leanovate.dose.billing.model.CartItem), not marked as ignorable (7 known properties: "productOption", "amount", "position", "productId", "cartId", "priceIntCent", "product"])
 at [Source: org.apache.http.client.entity.LazyDecompressingInputStream@577493c3; line: 1, column: 1331] (through reference chain: de.leanovate.dose.billing.model.CartItems["items"]->de.leanovate.dose.billing.model.CartItem["priceInCent"])
	at com.fasterxml.jackson.databind.exc.UnrecognizedPropertyException.from(UnrecognizedPropertyException.java:51) ~[jackson-databind-2.3.3.jar:2.3.3]
	at com.fasterxml.jackson.databind.DeserializationContext.reportUnknownProperty(DeserializationContext.java:671) ~[jackson-databind-2.3.3.jar:2.3.3]
	at com.fasterxml.jackson.databind.deser.std.StdDeserializer.handleUnknownProperty(StdDeserializer.java:773) ~[jackson-databind-2.3.3.jar:2.3.3]
	at com.fasterxml.jackson.databind.deser.BeanDeserializerBase.handleUnknownProperty(BeanDeserializerBase.java:1297) ~[jackson-databind-2.3.3.jar:2.3.3]
	at com.fasterxml.jackson.databind.deser.BeanDeserializerBase.handleUnknownVanilla(BeanDeserializerBase.java:1275) ~[jackson-databind-2.3.3.jar:2.3.3]
	at com.fasterxml.jackson.databind.deser.BeanDeserializer.deserialize(BeanDeserializer.java:215) ~[jackson-databind-2.3.3.jar:2.3.3]
	at com.fasterxml.jackson.module.afterburner.deser.SuperSonicBeanDeserializer.deserializeFromObject(SuperSonicBeanDeserializer.java:222) ~[jackson-module-afterburner-2.3.3.jar:2.3.3]
	at com.fasterxml.jackson.module.afterburner.deser.SuperSonicBeanDeserializer.deserialize(SuperSonicBeanDeserializer.java:118) ~[jackson-module-afterburner-2.3.3.jar:2.3.3]
	at com.fasterxml.jackson.databind.deser.std.CollectionDeserializer.deserialize(CollectionDeserializer.java:227) ~[jackson-databind-2.3.3.jar:2.3.3]
	at com.fasterxml.jackson.databind.deser.std.CollectionDeserializer.deserialize(CollectionDeserializer.java:204) ~[jackson-databind-2.3.3.jar:2.3.3]
	at com.fasterxml.jackson.databind.deser.std.CollectionDeserializer.deserialize(CollectionDeserializer.java:23) ~[jackson-databind-2.3.3.jar:2.3.3]
	at com.fasterxml.jackson.databind.deser.SettableBeanProperty.deserialize(SettableBeanProperty.java:525) ~[jackson-databind-2.3.3.jar:2.3.3]
	at com.fasterxml.jackson.module.afterburner.deser.SettableObjectFieldProperty.deserializeAndSet(SettableObjectFieldProperty.java:53) ~[jackson-module-afterburner-2.3.3.jar:2.3.3]
	at com.fasterxml.jackson.module.afterburner.deser.SuperSonicBeanDeserializer.deserializeFromObject(SuperSonicBeanDeserializer.java:209) ~[jackson-module-afterburner-2.3.3.jar:2.3.3]
	at com.fasterxml.jackson.module.afterburner.deser.SuperSonicBeanDeserializer.deserialize(SuperSonicBeanDeserializer.java:118) ~[jackson-module-afterburner-2.3.3.jar:2.3.3]
	at com.fasterxml.jackson.databind.ObjectMapper._readMapAndClose(ObjectMapper.java:2993) ~[jackson-databind-2.3.3.jar:2.3.3]
	at com.fasterxml.jackson.databind.ObjectMapper.readValue(ObjectMapper.java:2144) ~[jackson-databind-2.3.3.jar:2.3.3]
	at de.leanovate.dose.billing.connector.CartConnector.getCartItems(CartConnector.java:29) ~[billing/:na]
	at de.leanovate.dose.billing.resources.OrderResource.prepareOrder(OrderResource.java:41) ~[billing/:na]
	at sun.reflect.NativeMethodAccessorImpl.invoke0(Native Method) ~[na:1.7.0_51]
	at sun.reflect.NativeMethodAccessorImpl.invoke(NativeMethodAccessorImpl.java:57) ~[na:1.7.0_51]
	at sun.reflect.DelegatingMethodAccessorImpl.invoke(DelegatingMethodAccessorImpl.java:43) ~[na:1.7.0_51]
	at java.lang.reflect.Method.invoke(Method.java:606) ~[na:1.7.0_51]
	at com.sun.jersey.spi.container.JavaMethodInvokerFactory$1.invoke(JavaMethodInvokerFactory.java:60) [jersey-server-1.18.1.jar:1.18.1]
	at com.sun.jersey.server.impl.model.method.dispatch.AbstractResourceMethodDispatchProvider$ResponseOutInvoker._dispatch(AbstractResourceMethodDispatchProvider.java:205) [jersey-server-1.18.1.jar:1.18.1]
	at com.sun.jersey.server.impl.model.method.dispatch.ResourceJavaMethodDispatcher.dispatch(ResourceJavaMethodDispatcher.java:75) [jersey-server-1.18.1.jar:1.18.1]
	at io.dropwizard.jersey.guava.OptionalResourceMethodDispatchAdapter$OptionalRequestDispatcher.dispatch(OptionalResourceMethodDispatchAdapter.java:37) [dropwizard-jersey-0.7.1.jar:0.7.1]
	at com.sun.jersey.server.impl.uri.rules.HttpMethodRule.accept(HttpMethodRule.java:302) [jersey-server-1.18.1.jar:1.18.1]
	at com.sun.jersey.server.impl.uri.rules.ResourceObjectRule.accept(ResourceObjectRule.java:100) [jersey-server-1.18.1.jar:1.18.1]
	at com.sun.jersey.server.impl.uri.rules.RightHandPathRule.accept(RightHandPathRule.java:147) [jersey-server-1.18.1.jar:1.18.1]
	at com.sun.jersey.server.impl.uri.rules.RootResourceClassesRule.accept(RootResourceClassesRule.java:84) [jersey-server-1.18.1.jar:1.18.1]
	at com.sun.jersey.server.impl.application.WebApplicationImpl._handleRequest(WebApplicationImpl.java:1542) [jersey-server-1.18.1.jar:1.18.1]
	at com.sun.jersey.server.impl.application.WebApplicationImpl._handleRequest(WebApplicationImpl.java:1473) [jersey-server-1.18.1.jar:1.18.1]
	at com.sun.jersey.server.impl.application.WebApplicationImpl.handleRequest(WebApplicationImpl.java:1419) [jersey-server-1.18.1.jar:1.18.1]
	at com.sun.jersey.server.impl.application.WebApplicationImpl.handleRequest(WebApplicationImpl.java:1409) [jersey-server-1.18.1.jar:1.18.1]
	at com.sun.jersey.spi.container.servlet.WebComponent.service(WebComponent.java:409) [jersey-servlet-1.18.1.jar:1.18.1]
	at com.sun.jersey.spi.container.servlet.ServletContainer.service(ServletContainer.java:540) [jersey-servlet-1.18.1.jar:1.18.1]
	at com.sun.jersey.spi.container.servlet.ServletContainer.service(ServletContainer.java:715) [jersey-servlet-1.18.1.jar:1.18.1]
	at javax.servlet.http.HttpServlet.service(HttpServlet.java:848) [javax.servlet-3.0.0.v201112011016.jar:na]
	at io.dropwizard.jetty.NonblockingServletHolder.handle(NonblockingServletHolder.java:49) [dropwizard-jetty-0.7.1.jar:0.7.1]
	at org.eclipse.jetty.servlet.ServletHandler$CachedChain.doFilter(ServletHandler.java:1515) [jetty-servlet-9.0.7.v20131107.jar:9.0.7.v20131107]
	at org.eclipse.jetty.servlets.UserAgentFilter.doFilter(UserAgentFilter.java:83) [jetty-servlets-9.0.7.v20131107.jar:9.0.7.v20131107]
	at org.eclipse.jetty.servlets.GzipFilter.doFilter(GzipFilter.java:295) [jetty-servlets-9.0.7.v20131107.jar:9.0.7.v20131107]
	at io.dropwizard.jetty.BiDiGzipFilter.doFilter(BiDiGzipFilter.java:127) [dropwizard-jetty-0.7.1.jar:0.7.1]
	at org.eclipse.jetty.servlet.ServletHandler$CachedChain.doFilter(ServletHandler.java:1486) [jetty-servlet-9.0.7.v20131107.jar:9.0.7.v20131107]
	at io.dropwizard.servlets.ThreadNameFilter.doFilter(ThreadNameFilter.java:29) [dropwizard-servlets-0.7.1.jar:0.7.1]
	at org.eclipse.jetty.servlet.ServletHandler$CachedChain.doFilter(ServletHandler.java:1486) [jetty-servlet-9.0.7.v20131107.jar:9.0.7.v20131107]
	at io.dropwizard.jersey.filter.AllowedMethodsFilter.handle(AllowedMethodsFilter.java:44) [dropwizard-jersey-0.7.1.jar:0.7.1]
	at io.dropwizard.jersey.filter.AllowedMethodsFilter.doFilter(AllowedMethodsFilter.java:39) [dropwizard-jersey-0.7.1.jar:0.7.1]
	at org.eclipse.jetty.servlet.ServletHandler$CachedChain.doFilter(ServletHandler.java:1486) [jetty-servlet-9.0.7.v20131107.jar:9.0.7.v20131107]
	at de.leanovate.dose.billing.logging.LoggingFilter.doFilter(LoggingFilter.java:39) [billing/:na]
	at org.eclipse.jetty.servlet.ServletHandler$CachedChain.doFilter(ServletHandler.java:1486) [jetty-servlet-9.0.7.v20131107.jar:9.0.7.v20131107]
	at org.eclipse.jetty.servlet.ServletHandler.doHandle(ServletHandler.java:519) [jetty-servlet-9.0.7.v20131107.jar:9.0.7.v20131107]
	at org.eclipse.jetty.server.handler.ContextHandler.doHandle(ContextHandler.java:1097) [jetty-server-9.0.7.v20131107.jar:9.0.7.v20131107]
	at org.eclipse.jetty.servlet.ServletHandler.doScope(ServletHandler.java:448) [jetty-servlet-9.0.7.v20131107.jar:9.0.7.v20131107]
	at org.eclipse.jetty.server.handler.ContextHandler.doScope(ContextHandler.java:1031) [jetty-server-9.0.7.v20131107.jar:9.0.7.v20131107]
	at org.eclipse.jetty.server.handler.ScopedHandler.handle(ScopedHandler.java:136) [jetty-server-9.0.7.v20131107.jar:9.0.7.v20131107]
	at org.eclipse.jetty.server.handler.HandlerWrapper.handle(HandlerWrapper.java:97) [jetty-server-9.0.7.v20131107.jar:9.0.7.v20131107]
	at com.codahale.metrics.jetty9.InstrumentedHandler.handle(InstrumentedHandler.java:175) [metrics-jetty9-3.0.2.jar:3.0.2]
	at io.dropwizard.jetty.RoutingHandler.handle(RoutingHandler.java:51) [dropwizard-jetty-0.7.1.jar:0.7.1]
	at org.eclipse.jetty.server.handler.HandlerWrapper.handle(HandlerWrapper.java:97) [jetty-server-9.0.7.v20131107.jar:9.0.7.v20131107]
	at org.eclipse.jetty.server.handler.RequestLogHandler.handle(RequestLogHandler.java:92) [jetty-server-9.0.7.v20131107.jar:9.0.7.v20131107]
	at org.eclipse.jetty.server.handler.HandlerWrapper.handle(HandlerWrapper.java:97) [jetty-server-9.0.7.v20131107.jar:9.0.7.v20131107]
	at org.eclipse.jetty.server.handler.StatisticsHandler.handle(StatisticsHandler.java:162) [jetty-server-9.0.7.v20131107.jar:9.0.7.v20131107]
	at org.eclipse.jetty.server.handler.HandlerWrapper.handle(HandlerWrapper.java:97) [jetty-server-9.0.7.v20131107.jar:9.0.7.v20131107]
	at org.eclipse.jetty.server.Server.handle(Server.java:446) [jetty-server-9.0.7.v20131107.jar:9.0.7.v20131107]
	at org.eclipse.jetty.server.HttpChannel.handle(HttpChannel.java:271) [jetty-server-9.0.7.v20131107.jar:9.0.7.v20131107]
	at org.eclipse.jetty.server.HttpConnection.onFillable(HttpConnection.java:246) [jetty-server-9.0.7.v20131107.jar:9.0.7.v20131107]
	at org.eclipse.jetty.io.AbstractConnection$ReadCallback.run(AbstractConnection.java:358) [jetty-io-9.0.7.v20131107.jar:9.0.7.v20131107]
	at org.eclipse.jetty.util.thread.QueuedThreadPool.runJob(QueuedThreadPool.java:601) [jetty-util-9.0.7.v20131107.jar:9.0.7.v20131107]
	at org.eclipse.jetty.util.thread.QueuedThreadPool$3.run(QueuedThreadPool.java:532) [jetty-util-9.0.7.v20131107.jar:9.0.7.v20131107]
	at java.lang.Thread.run(Thread.java:744) [na:1.7.0_51]
~billing[${PID:- }]: 2014-08-28T21:09:18.232+0200;main;-;INFO;io.dropwizard.server.ServerFactory;Starting billing
~billing[${PID:- }]: 2014-08-28T21:09:18.283+0200;main;-;INFO;org.eclipse.jetty.setuid.SetUIDListener;Opened application@2c257268{HTTP/1.1}{0.0.0.0:8080}
~billing[${PID:- }]: 2014-08-28T21:09:18.283+0200;main;-;INFO;org.eclipse.jetty.setuid.SetUIDListener;Opened admin@4e7a207c{HTTP/1.1}{0.0.0.0:8081}
~billing[${PID:- }]: 2014-08-28T21:09:18.285+0200;main;-;INFO;org.eclipse.jetty.server.Server;jetty-9.0.7.v20131107
~billing[${PID:- }]: 2014-08-28T21:09:18.632+0200;main;-;INFO;com.sun.jersey.server.impl.application.WebApplicationImpl;Initiating Jersey application, version 'Jersey: 1.18.1 02/19/2014 03:28 AM'
~billing[${PID:- }]: 2014-08-28T21:09:18.691+0200;main;-;INFO;io.dropwizard.jersey.DropwizardResourceConfig;The following paths were found for the configured resources:

    POST    /orders (de.leanovate.dose.billing.resources.OrderResource)

~billing[${PID:- }]: 2014-08-28T21:09:18.891+0200;main;-;INFO;org.eclipse.jetty.server.handler.ContextHandler;Started i.d.j.MutableServletContextHandler@265b98b6{/,null,AVAILABLE}
~billing[${PID:- }]: 2014-08-28T21:09:18.894+0200;main;-;INFO;io.dropwizard.setup.AdminEnvironment;tasks = 

    POST    /tasks/gc (io.dropwizard.servlets.tasks.GarbageCollectionTask)

~billing[${PID:- }]: 2014-08-28T21:09:18.898+0200;main;-;INFO;org.eclipse.jetty.server.handler.ContextHandler;Started i.d.j.MutableServletContextHandler@20062487{/,null,AVAILABLE}
~billing[${PID:- }]: 2014-08-28T21:09:18.902+0200;main;-;INFO;org.eclipse.jetty.server.ServerConnector;Started application@2c257268{HTTP/1.1}{0.0.0.0:8080}
~billing[${PID:- }]: 2014-08-28T21:09:18.902+0200;main;-;INFO;org.eclipse.jetty.server.ServerConnector;Started admin@4e7a207c{HTTP/1.1}{0.0.0.0:8081}
~billing[${PID:- }]: 2014-08-28T21:10:34.726+0200;main;-;INFO;io.dropwizard.server.ServerFactory;Starting billing
~billing[${PID:- }]: 2014-08-28T21:10:34.776+0200;main;-;INFO;org.eclipse.jetty.setuid.SetUIDListener;Opened application@2c257268{HTTP/1.1}{0.0.0.0:8080}
~billing[${PID:- }]: 2014-08-28T21:10:34.777+0200;main;-;INFO;org.eclipse.jetty.setuid.SetUIDListener;Opened admin@4e7a207c{HTTP/1.1}{0.0.0.0:8081}
~billing[${PID:- }]: 2014-08-28T21:10:34.779+0200;main;-;INFO;org.eclipse.jetty.server.Server;jetty-9.0.7.v20131107
~billing[${PID:- }]: 2014-08-28T21:10:35.124+0200;main;-;INFO;com.sun.jersey.server.impl.application.WebApplicationImpl;Initiating Jersey application, version 'Jersey: 1.18.1 02/19/2014 03:28 AM'
~billing[${PID:- }]: 2014-08-28T21:10:35.183+0200;main;-;INFO;io.dropwizard.jersey.DropwizardResourceConfig;The following paths were found for the configured resources:

    POST    /orders (de.leanovate.dose.billing.resources.OrderResource)

~billing[${PID:- }]: 2014-08-28T21:10:35.383+0200;main;-;INFO;org.eclipse.jetty.server.handler.ContextHandler;Started i.d.j.MutableServletContextHandler@60d20e1a{/,null,AVAILABLE}
~billing[${PID:- }]: 2014-08-28T21:10:35.385+0200;main;-;INFO;io.dropwizard.setup.AdminEnvironment;tasks = 

    POST    /tasks/gc (io.dropwizard.servlets.tasks.GarbageCollectionTask)

~billing[${PID:- }]: 2014-08-28T21:10:35.390+0200;main;-;INFO;org.eclipse.jetty.server.handler.ContextHandler;Started i.d.j.MutableServletContextHandler@3794d72e{/,null,AVAILABLE}
~billing[${PID:- }]: 2014-08-28T21:10:35.393+0200;main;-;INFO;org.eclipse.jetty.server.ServerConnector;Started application@2c257268{HTTP/1.1}{0.0.0.0:8080}
~billing[${PID:- }]: 2014-08-28T21:10:35.394+0200;main;-;INFO;org.eclipse.jetty.server.ServerConnector;Started admin@4e7a207c{HTTP/1.1}{0.0.0.0:8081}
~billing[${PID:- }]: 2014-08-28T22:01:58.071+0200;main;-;INFO;io.dropwizard.server.ServerFactory;Starting billing
~billing[${PID:- }]: 2014-08-28T22:01:58.147+0200;main;-;INFO;org.eclipse.jetty.setuid.SetUIDListener;Opened application@515bb1f4{HTTP/1.1}{0.0.0.0:8080}
~billing[${PID:- }]: 2014-08-28T22:01:58.147+0200;main;-;INFO;org.eclipse.jetty.setuid.SetUIDListener;Opened admin@5b0033e6{HTTP/1.1}{0.0.0.0:8081}
~billing[${PID:- }]: 2014-08-28T22:01:58.150+0200;main;-;INFO;org.eclipse.jetty.server.Server;jetty-9.0.7.v20131107
~billing[${PID:- }]: 2014-08-28T22:01:58.556+0200;main;-;INFO;com.sun.jersey.server.impl.application.WebApplicationImpl;Initiating Jersey application, version 'Jersey: 1.18.1 02/19/2014 03:28 AM'
~billing[${PID:- }]: 2014-08-28T22:01:58.633+0200;main;-;INFO;io.dropwizard.jersey.DropwizardResourceConfig;The following paths were found for the configured resources:

    POST    /orders (de.leanovate.dose.billing.resources.OrderResource)

~billing[${PID:- }]: 2014-08-28T22:01:58.856+0200;main;-;INFO;org.eclipse.jetty.server.handler.ContextHandler;Started i.d.j.MutableServletContextHandler@27e95e3{/,null,AVAILABLE}
~billing[${PID:- }]: 2014-08-28T22:01:58.859+0200;main;-;INFO;io.dropwizard.setup.AdminEnvironment;tasks = 

    POST    /tasks/gc (io.dropwizard.servlets.tasks.GarbageCollectionTask)

~billing[${PID:- }]: 2014-08-28T22:01:58.863+0200;main;-;INFO;org.eclipse.jetty.server.handler.ContextHandler;Started i.d.j.MutableServletContextHandler@7bbd7f69{/,null,AVAILABLE}
~billing[${PID:- }]: 2014-08-28T22:01:58.880+0200;main;-;INFO;org.eclipse.jetty.server.ServerConnector;Started application@515bb1f4{HTTP/1.1}{0.0.0.0:8080}
~billing[${PID:- }]: 2014-08-28T22:01:58.881+0200;main;-;INFO;org.eclipse.jetty.server.ServerConnector;Started admin@5b0033e6{HTTP/1.1}{0.0.0.0:8081}
~billing[${PID:- }]: 2014-08-28T22:37:25.963+0200;main;-;INFO;io.dropwizard.server.ServerFactory;Starting billing
~billing[${PID:- }]: 2014-08-28T22:37:26.016+0200;main;-;INFO;org.eclipse.jetty.setuid.SetUIDListener;Opened application@5baeceb{HTTP/1.1}{0.0.0.0:8080}
~billing[${PID:- }]: 2014-08-28T22:37:26.016+0200;main;-;INFO;org.eclipse.jetty.setuid.SetUIDListener;Opened admin@33183b3d{HTTP/1.1}{0.0.0.0:8081}
~billing[${PID:- }]: 2014-08-28T22:37:26.019+0200;main;-;INFO;org.eclipse.jetty.server.Server;jetty-9.0.7.v20131107
~billing[${PID:- }]: 2014-08-28T22:37:26.371+0200;main;-;INFO;com.sun.jersey.server.impl.application.WebApplicationImpl;Initiating Jersey application, version 'Jersey: 1.18.1 02/19/2014 03:28 AM'
~billing[${PID:- }]: 2014-08-28T22:37:26.434+0200;main;-;INFO;io.dropwizard.jersey.DropwizardResourceConfig;The following paths were found for the configured resources:

    POST    /orders (de.leanovate.dose.billing.resources.OrderResource)

~billing[${PID:- }]: 2014-08-28T22:37:26.648+0200;main;-;INFO;org.eclipse.jetty.server.handler.ContextHandler;Started i.d.j.MutableServletContextHandler@d1c5c86{/,null,AVAILABLE}
~billing[${PID:- }]: 2014-08-28T22:37:26.652+0200;main;-;INFO;io.dropwizard.setup.AdminEnvironment;tasks = 

    POST    /tasks/gc (io.dropwizard.servlets.tasks.GarbageCollectionTask)

~billing[${PID:- }]: 2014-08-28T22:37:26.657+0200;main;-;INFO;org.eclipse.jetty.server.handler.ContextHandler;Started i.d.j.MutableServletContextHandler@174c2a36{/,null,AVAILABLE}
~billing[${PID:- }]: 2014-08-28T22:37:26.662+0200;main;-;INFO;org.eclipse.jetty.server.ServerConnector;Started application@5baeceb{HTTP/1.1}{0.0.0.0:8080}
~billing[${PID:- }]: 2014-08-28T22:37:26.662+0200;main;-;INFO;org.eclipse.jetty.server.ServerConnector;Started admin@33183b3d{HTTP/1.1}{0.0.0.0:8081}
~billing[${PID:- }]: 2014-08-28T22:42:19.078+0200;main;-;INFO;io.dropwizard.server.ServerFactory;Starting billing
~billing[${PID:- }]: 2014-08-28T22:42:19.140+0200;main;-;INFO;org.eclipse.jetty.setuid.SetUIDListener;Opened application@6555f670{HTTP/1.1}{0.0.0.0:8080}
~billing[${PID:- }]: 2014-08-28T22:42:19.141+0200;main;-;INFO;org.eclipse.jetty.setuid.SetUIDListener;Opened admin@6ea66709{HTTP/1.1}{0.0.0.0:8081}
~billing[${PID:- }]: 2014-08-28T22:42:19.143+0200;main;-;INFO;org.eclipse.jetty.server.Server;jetty-9.0.7.v20131107
~billing[${PID:- }]: 2014-08-28T22:42:19.468+0200;main;-;INFO;com.sun.jersey.server.impl.application.WebApplicationImpl;Initiating Jersey application, version 'Jersey: 1.18.1 02/19/2014 03:28 AM'
~billing[${PID:- }]: 2014-08-28T22:42:19.528+0200;main;-;INFO;io.dropwizard.jersey.DropwizardResourceConfig;The following paths were found for the configured resources:

    POST    /orders (de.leanovate.dose.billing.resources.OrderResource)

~billing[${PID:- }]: 2014-08-28T22:42:19.730+0200;main;-;INFO;org.eclipse.jetty.server.handler.ContextHandler;Started i.d.j.MutableServletContextHandler@4f90a23b{/,null,AVAILABLE}
~billing[${PID:- }]: 2014-08-28T22:42:19.733+0200;main;-;INFO;io.dropwizard.setup.AdminEnvironment;tasks = 

    POST    /tasks/gc (io.dropwizard.servlets.tasks.GarbageCollectionTask)

~billing[${PID:- }]: 2014-08-28T22:42:19.737+0200;main;-;INFO;org.eclipse.jetty.server.handler.ContextHandler;Started i.d.j.MutableServletContextHandler@55059454{/,null,AVAILABLE}
~billing[${PID:- }]: 2014-08-28T22:42:19.742+0200;main;-;INFO;org.eclipse.jetty.server.ServerConnector;Started application@6555f670{HTTP/1.1}{0.0.0.0:8080}
~billing[${PID:- }]: 2014-08-28T22:42:19.743+0200;main;-;INFO;org.eclipse.jetty.server.ServerConnector;Started admin@6ea66709{HTTP/1.1}{0.0.0.0:8081}
~billing[${PID:- }]: 2014-08-28T23:41:00.890+0200;main;-;INFO;io.dropwizard.server.ServerFactory;Starting billing
~billing[${PID:- }]: 2014-08-28T23:41:00.966+0200;main;-;INFO;org.eclipse.jetty.setuid.SetUIDListener;Opened application@66a6574b{HTTP/1.1}{0.0.0.0:8080}
~billing[${PID:- }]: 2014-08-28T23:41:00.967+0200;main;-;INFO;org.eclipse.jetty.setuid.SetUIDListener;Opened admin@32ad3193{HTTP/1.1}{0.0.0.0:8081}
~billing[${PID:- }]: 2014-08-28T23:41:00.969+0200;main;-;INFO;org.eclipse.jetty.server.Server;jetty-9.0.7.v20131107
~billing[${PID:- }]: 2014-08-28T23:41:01.373+0200;main;-;INFO;com.sun.jersey.server.impl.application.WebApplicationImpl;Initiating Jersey application, version 'Jersey: 1.18.1 02/19/2014 03:28 AM'
~billing[${PID:- }]: 2014-08-28T23:41:01.452+0200;main;-;INFO;io.dropwizard.jersey.DropwizardResourceConfig;The following paths were found for the configured resources:

    POST    /orders (de.leanovate.dose.billing.resources.OrderResource)

~billing[${PID:- }]: 2014-08-28T23:41:01.679+0200;main;-;INFO;org.eclipse.jetty.server.handler.ContextHandler;Started i.d.j.MutableServletContextHandler@2c4404ca{/,null,AVAILABLE}
~billing[${PID:- }]: 2014-08-28T23:41:01.682+0200;main;-;INFO;io.dropwizard.setup.AdminEnvironment;tasks = 

    POST    /tasks/gc (io.dropwizard.servlets.tasks.GarbageCollectionTask)

~billing[${PID:- }]: 2014-08-28T23:41:01.686+0200;main;-;INFO;org.eclipse.jetty.server.handler.ContextHandler;Started i.d.j.MutableServletContextHandler@44cdbc59{/,null,AVAILABLE}
~billing[${PID:- }]: 2014-08-28T23:41:01.691+0200;main;-;INFO;org.eclipse.jetty.server.ServerConnector;Started application@66a6574b{HTTP/1.1}{0.0.0.0:8080}
~billing[${PID:- }]: 2014-08-28T23:41:01.692+0200;main;-;INFO;org.eclipse.jetty.server.ServerConnector;Started admin@32ad3193{HTTP/1.1}{0.0.0.0:8081}
